[kbooradio.squarespace.com/index.html]
[backblue.gif]
[fade.gif]
[index.html]
[images.squarespace-cdn.com/content/v1/5960376d46c3c4413a513e7c/1499485877022-Q0SNTRHRG2OOCKX758MG/ke17ZwdGBToddI8pDm48kGwrK3btlI3EWQwJ6Y0kNmmoCXe/favicon.png]
[images.squarespace-cdn.com/content/5960376d46c3c4413a513e7c/1516145362181-MDPWHJF52ZPPPK4ILQHB/50050logo_blueb_bg5d45.png]
[www.50yearsofkboo.fm/index.html]
[www.50yearsofkboo.fm/homea409]
[static1.squarespace.com/static/sitecss/5960376d46c3c4413a513e7c/306/55f0aac0e4b0f0a5b7e0b22e/5960376d46c3c4413a513e82/341-05142015/1521139365042/site8696.css]
[static1.squarespace.com/static/5960376d46c3c4413a513e7c/t/5a594f29ec212dd506632186/1515802409717/bundle.css_; filename_=UTF-8''bundle.css]
[kbooradio.squarespace.com/search.html]
[kbooradio.squarespace.com/events.html]
[kbooradio.squarespace.com/about.html]
[kbooradio.squarespace.com/photo-archive.html]
[kbooradio.squarespace.com/archive.html]
[kbooradio.squarespace.com/exhibit.html]
[kbooradio.squarespace.com/merchandise.html]
[kbooradio.squarespace.com/for-educators.html]
[images.squarespace-cdn.com/content/v1/5960376d46c3c4413a513e7c/1510868909282-FMUA2ST3AJH1GDQYY870/ke17ZwdGBToddI8pDm48kHnDtp7W0upZfdQHkoi15f0Uqsx/WHAT-IS-KBOO-RADIO.jpg]
[images.squarespace-cdn.com/content/v1/5960376d46c3c4413a513e7c/1510868537482-7H5HZSXWW2KLCKCWXQVJ/ke17ZwdGBToddI8pDm48kJgX52iFe213FaTzTmqOZ78Uqsx/KBOO-EXHIBIT-LANDING.jpg]
[images.squarespace-cdn.com/content/v1/5960376d46c3c4413a513e7c/1510873308331-P3U1GBRA4JGRJR9JDI6X/ke17ZwdGBToddI8pDm48kHnDtp7W0upZfdQHkoi15f0Uqsx/ARCHIVE.jpg]
[kbooradio.squarespace.com/index.html]
[static1.squarespace.com/static/ta/55f0a9b0e4b0f3eb70352f6d/341/scripts/site-bundle.js]
[www.50yearsofkboo.fm/search.html]
[www.50yearsofkboo.fm/events.html]
[www.50yearsofkboo.fm/about.html]
[www.50yearsofkboo.fm/photo-archive.html]
[www.50yearsofkboo.fm/archive.html]
[www.50yearsofkboo.fm/exhibit.html]
[www.50yearsofkboo.fm/merchandise.html]
[www.50yearsofkboo.fm/index.html]
[www.50yearsofkboo.fm/for-educators.html]
[images.squarespace-cdn.com/index.html]
[static1.squarespace.com/static/5960376d46c3c4413a513e7c/t/5a25c900e2c48368c72f0467/1512163952601/index26f7.html]
[static1.squarespace.com/static/5960376d46c3c4413a513e7c/t/5a821a2fe2c48390bd716508/1533935926077/index26f7.html]
[kbooradio.squarespace.com/search.html]
[kbooradio.squarespace.com/events/latinx-pea-amp-open-house-kboo-50th-anniversary.html]
[kbooradio.squarespace.com/events/latinx-pea-amp-open-house-kboo-50th-anniversaryd859]
[kbooradio.squarespace.com/events/open-house-honoring-kboo-native-programmers-staff-and-volunteers.html]
[kbooradio.squarespace.com/events/open-house-honoring-kboo-native-programmers-staff-and-volunteersd859]
[kbooradio.squarespace.com/events/test-3.html]
[kbooradio.squarespace.com/events/test-3d859]
[kbooradio.squarespace.com/events/open-house-honoring-kboo-women-programmers-staff-and-volunteers.html]
[kbooradio.squarespace.com/events/open-house-honoring-kboo-women-programmers-staff-and-volunteersd859]
[kbooradio.squarespace.com/events/test-2.html]
[kbooradio.squarespace.com/events/test-2d859]
[kbooradio.squarespace.com/events/open-house-honoring-kboo-founders.html]
[kbooradio.squarespace.com/events/open-house-honoring-kboo-foundersd859]
[kbooradio.squarespace.com/events/kboo-pickin-ppreciation-party-a-bluegrass-breakfast-fundraiser-featuring-music-from-the-true-vine.html]
[kbooradio.squarespace.com/events/kboo-pickin-ppreciation-party-a-bluegrass-breakfast-fundraiser-featuring-music-from-the-true-vined859]
[images.squarespace-cdn.com/content/v1/5960376d46c3c4413a513e7c/1524169834660-0SOP7RZGES2XPMBXGCUE/ke17ZwdGBToddI8pDm48kOpBQYddwDV9OgtEQMWVN-NZw-z/Pickin+Party_small.png]
[kbooradio.squarespace.com/events/black-kboo.html]
[kbooradio.squarespace.com/events/black-kbood859]
[kbooradio.squarespace.com/events/kboo-open-house-1.html]
[kbooradio.squarespace.com/events/kboo-open-house-1d859]
[kbooradio.squarespace.com/events/test-1.html]
[kbooradio.squarespace.com/events.html]
[kbooradio.squarespace.com/events/test-1d859]
[kbooradio.squarespace.com/about.html]
[www.50yearsofkboo.fm/abouta409]
[www.50yearsofkboo.fm/photo-archivea409]
[images.squarespace-cdn.com/content/v1/5960376d46c3c4413a513e7c/1515180657163-S4LWHVG1KAJKAECE0FHS/ke17ZwdGBToddI8pDm48kITcJBvE1wk9BMTjuPn_gmB7gQa/KBOO_bw_photos_album1_196.jpg]
[images.squarespace-cdn.com/content/v1/5960376d46c3c4413a513e7c/1515303318354-OVR6YUTXMQI2L2N64LNK/ke17ZwdGBToddI8pDm48kIR75ncgFnH7d-azDdlUpOZ7gQa/KBOO_flyers_135.jpg]
[images.squarespace-cdn.com/content/v1/5960376d46c3c4413a513e7c/1515301052254-UHF9QVJCIMF33JRUXGO9/ke17ZwdGBToddI8pDm48kFwES5gcLely-LKpTanW59l7gQa/KBOO_bw_photos_album1_132.jpg]
[images.squarespace-cdn.com/content/v1/5960376d46c3c4413a513e7c/1515300579683-AUDWBUMPWYVU0NI1E8D1/ke17ZwdGBToddI8pDm48kDROHI3knNikWt259p5xjYp7gQa/KBOO_photos_album3_105-1.jpg]
[images.squarespace-cdn.com/content/v1/5960376d46c3c4413a513e7c/1515305655529-FK9P47PSEM119EVHIYGF/ke17ZwdGBToddI8pDm48kDfE_39S1cU0rfV7MJ98eqh7gQa/KBOO_Posters_OS_04_1985.jpg]
[images.squarespace-cdn.com/content/v1/5960376d46c3c4413a513e7c/1526534543280-RVDMSJPKYM8SCUAN03YY/ke17ZwdGBToddI8pDm48kKmw982fUOZVIQXHUCR1F55Zw-z/IMG_3975.jpg]
[images.squarespace-cdn.com/content/v1/5960376d46c3c4413a513e7c/1515302321841-9P7VMVFHKELGA1AV4OI8/ke17ZwdGBToddI8pDm48kPsWSYYfSu4pZbIAtmCaabF7gQa/KBOO_bw_photos_album1_184.jpg]
[images.squarespace-cdn.com/content/v1/5960376d46c3c4413a513e7c/1515309972066-XOWLNKGB6P6QSJTMKW6J/ke17ZwdGBToddI8pDm48kJH6A_Kvpwkoat15KpyJMDV7gQa/DSCF2879.jpg]
[images.squarespace-cdn.com/content/v1/5960376d46c3c4413a513e7c/1515302347322-Q08LRQ4ZNTASNMPNCVQP/ke17ZwdGBToddI8pDm48kM3O-3Y3_fdatpvSGbLBPPN7gQa/KBOO_Ephemera_005.jpg]
[images.squarespace-cdn.com/content/v1/5960376d46c3c4413a513e7c/1520976773091-YOFZORH6JSCJAJ706OYY/ke17ZwdGBToddI8pDm48kKmw982fUOZVIQXHUCR1F55Zw-z/20161119_133608.jpg]
[images.squarespace-cdn.com/content/v1/5960376d46c3c4413a513e7c/1515303284082-MVGOSE5N98VBEJN8ZOJB/ke17ZwdGBToddI8pDm48kGHb_i8TPCuksvQQQ-Fkc-x7gQa/KBOO_flyers_075.jpg]
[images.squarespace-cdn.com/content/v1/5960376d46c3c4413a513e7c/1515303331158-ZWBZX09XJX7H3L0ZYNPG/ke17ZwdGBToddI8pDm48kBee8kcfipJie1X2zzpBr3B7gQa/KBOO_flyers_148.jpg]
[images.squarespace-cdn.com/content/v1/5960376d46c3c4413a513e7c/1515300901021-40EWHXMGNXFEI37Q9KUM/ke17ZwdGBToddI8pDm48kKpTy5w_B4ErS0c5k4aOFHF7gQa/KBOO_flyers_007.jpg]
[images.squarespace-cdn.com/content/v1/5960376d46c3c4413a513e7c/1515309745456-6JXHV6KLMEV3M1AK0AC7/ke17ZwdGBToddI8pDm48kCtiGqkFBuQKm1lG44TwMoV7gQa/62205benkeerair.jpg]
[images.squarespace-cdn.com/content/v1/5960376d46c3c4413a513e7c/1515300408576-FNFHK3PLXPH8FV3Q5S9Q/ke17ZwdGBToddI8pDm48kKNDOLXsTtpJupaQ-gXqF-Z7gQa/KBOO_Posters_OS_Dada_front_2008.jpg]
[images.squarespace-cdn.com/content/v1/5960376d46c3c4413a513e7c/1515304236422-UPLOND07SSIINENBMAJB/ke17ZwdGBToddI8pDm48kKTl1KHQvpKcJDUheYc4nVd7gQa/KBOO_flyers_216-2.jpg]
[images.squarespace-cdn.com/content/v1/5960376d46c3c4413a513e7c/1513715281677-BKGKZR5NY4POU3ZN2UZJ/ke17ZwdGBToddI8pDm48kKPgLMih0AnKnh6bANBA3R97gQa/KBOO-Vintage-6.jpg]
[images.squarespace-cdn.com/content/v1/5960376d46c3c4413a513e7c/1513715283270-JIU46A3WA47KPH9SE5A1/ke17ZwdGBToddI8pDm48kKPgLMih0AnKnh6bANBA3R97gQa/KBOO-Vintage-7.jpg]
[images.squarespace-cdn.com/content/v1/5960376d46c3c4413a513e7c/1515301586375-4XDOSCD5ZJJJ775KP2OR/ke17ZwdGBToddI8pDm48kNTW9-_6sD0ZbmN_x2JJA-p7gQa/KBOO_bw_photos_album1_015.jpg]
[images.squarespace-cdn.com/content/v1/5960376d46c3c4413a513e7c/1515300496745-6421JEUH9DJ2SC08T8M7/ke17ZwdGBToddI8pDm48kHTjdXaoHj2XBS1xQ9Jx_M57gQa/KBOO_posters_061-page-001.jpg]
[images.squarespace-cdn.com/content/v1/5960376d46c3c4413a513e7c/1515306123697-M67LIV6RPFQ5A8945TGA/ke17ZwdGBToddI8pDm48kBpuAlNdkfRXGDADoIxo_6J7gQa/KBOO_Posters_OS_Mayors_Ball_02_1988.jpg]
[images.squarespace-cdn.com/content/v1/5960376d46c3c4413a513e7c/1515300583276-WFFMI8DGJ2AC3COS8EXB/ke17ZwdGBToddI8pDm48kFm3yZ8E2gns05-M23bOqAV7gQa/KBOO_photos_album2_186.jpg]
[images.squarespace-cdn.com/content/v1/5960376d46c3c4413a513e7c/1515300655237-9LA4BZLL9CA3GTLHE30P/ke17ZwdGBToddI8pDm48kO0pLjCUn3hwRy8YTlc215N7gQa/KBOO_photos_album2_053.jpg]
[images.squarespace-cdn.com/content/v1/5960376d46c3c4413a513e7c/1515300707614-J0NKW70168DMXBAN87V8/ke17ZwdGBToddI8pDm48kLznxOp5YXtTeoQlUewFykt7gQa/KBOO_photos_album2_019.jpg]
[images.squarespace-cdn.com/content/v1/5960376d46c3c4413a513e7c/1515300753896-G0788JMY4RRE97M8GV34/ke17ZwdGBToddI8pDm48kPmOZi4dGC-N5fwWHSJMe1xZw-z/KBOO_Photographs_Slides+_Folder1_1980s_128.jpg]
[images.squarespace-cdn.com/content/v1/5960376d46c3c4413a513e7c/1513715278959-VBR0NO23AM25M9QMLH7V/ke17ZwdGBToddI8pDm48kKPgLMih0AnKnh6bANBA3R97gQa/KBOO-Vintage-3.jpg]
[images.squarespace-cdn.com/content/v1/5960376d46c3c4413a513e7c/1515302488568-4CIMN4A1QMDEH0A9PH2Z/ke17ZwdGBToddI8pDm48kKpTy5w_B4ErS0c5k4aOFHF7gQa/KBOO_flyers_001.jpg]
[images.squarespace-cdn.com/content/v1/5960376d46c3c4413a513e7c/1515301059897-QFKLVBT9KP9CTNGI9CVL/ke17ZwdGBToddI8pDm48kLmC10aoKC-VfMVPeayyE1h7gQa/KBOO_bw_photos_album1_029_Downsized.jpg]
[images.squarespace-cdn.com/content/v1/5960376d46c3c4413a513e7c/1515301060594-7GB0VDQ93FZZ8URKVXL4/ke17ZwdGBToddI8pDm48kJcCubG2uIUZ0yt9gC2h60ZZw-z/KBOO_Belmont+location_cropped.jpg]
[images.squarespace-cdn.com/content/v1/5960376d46c3c4413a513e7c/1515301491062-R52FR3O20U6SC5STJQIM/ke17ZwdGBToddI8pDm48kDHPSfPanjkWqhH6pl6g5ph7gQa/IMG_3491.jpg]
[images.squarespace-cdn.com/content/v1/5960376d46c3c4413a513e7c/1513715277580-ENB3P10MF7RXFR30MW0O/ke17ZwdGBToddI8pDm48kKPgLMih0AnKnh6bANBA3R97gQa/KBOO-Vintage-2.jpg]
[images.squarespace-cdn.com/content/v1/5960376d46c3c4413a513e7c/1515301677686-VQGO2KIPDSVCC0KNZ4FM/ke17ZwdGBToddI8pDm48kNVjfR5kDa6jbBkrq_LoDDF7gQa/KBOO_bw_photos_album1_106.jpg]
[images.squarespace-cdn.com/content/v1/5960376d46c3c4413a513e7c/1513715283270-OK1KAWTFHA75RL7J70OZ/ke17ZwdGBToddI8pDm48kKPgLMih0AnKnh6bANBA3R97gQa/KBOO-Vintage-8.jpg]
[images.squarespace-cdn.com/content/v1/5960376d46c3c4413a513e7c/1515305608405-21ZTGJVOVI68BUNTJC2P/ke17ZwdGBToddI8pDm48kHTjdXaoHj2XBS1xQ9Jx_M57gQa/KBOO_posters_033-page-001.jpg]
[images.squarespace-cdn.com/content/v1/5960376d46c3c4413a513e7c/1515310006688-K0AY70SCIX9V504C5LWB/ke17ZwdGBToddI8pDm48kDHPSfPanjkWqhH6pl6g5ph7gQa/IMG_5105.jpg]
[images.squarespace-cdn.com/content/v1/5960376d46c3c4413a513e7c/1515301600705-7XM6WOUCPMK9WH2GZNGO/ke17ZwdGBToddI8pDm48kO1uxkAqNfCOi3ff9HZIb4V7gQa/KBOO_bw_photos_album1_046.jpg]
[images.squarespace-cdn.com/content/v1/5960376d46c3c4413a513e7c/1515304816367-S5WHSCY0QJ01AKX00IGT/ke17ZwdGBToddI8pDm48kB7dTsgn9HPPn3FxvFL_VwB7gQa/KBOO_photos_album2_009.jpg]
[images.squarespace-cdn.com/content/v1/5960376d46c3c4413a513e7c/1515302507283-EXOZPOAQU14SKSGKNJVW/ke17ZwdGBToddI8pDm48kAVcDedmORGXUZ1xqzD6uVl7gQa/KBOO_flyers_045.jpg]
[images.squarespace-cdn.com/content/v1/5960376d46c3c4413a513e7c/1515304820920-MWLZCASMXJZIOOSBKBZM/ke17ZwdGBToddI8pDm48kJbrmiWcVix4AOTOd_1FrnV7gQa/KBOO_photos_album2_014.jpg]
[images.squarespace-cdn.com/content/v1/5960376d46c3c4413a513e7c/1515303340896-VSAOXGARBK8AC81PODRF/ke17ZwdGBToddI8pDm48kIdNPVElDtR_JQ5zj1VqOSd7gQa/KBOO_flyers_149.jpg]
[images.squarespace-cdn.com/content/v1/5960376d46c3c4413a513e7c/1515301709709-S0BJ4QMLIEYOU9J6GD31/ke17ZwdGBToddI8pDm48kGWgfW0tMFKbZRxIbs8OCyd7gQa/KBOO_bw_photos_album1_143.jpg]
[images.squarespace-cdn.com/content/v1/5960376d46c3c4413a513e7c/1515301718166-Z6OEYTS0V3K9R3BD8ZCJ/ke17ZwdGBToddI8pDm48kH6heqd7-ZnAF34D7h4Neq17gQa/KBOO_bw_photos_album1_145.jpg]
[images.squarespace-cdn.com/content/v1/5960376d46c3c4413a513e7c/1521070318252-NO7P1AXIVOUHX6ZTBWZC/ke17ZwdGBToddI8pDm48kCVQzYdLHRsvUEt47Hune6tZw-z/George+Page_KBOO.png]
[images.squarespace-cdn.com/content/v1/5960376d46c3c4413a513e7c/1515306719439-EPSVCVHYD5UG14NLXIC8/ke17ZwdGBToddI8pDm48kL2JGR2pHqlOOF93n9MNUit7gQa/KBOO_flyers_251.jpg]
[images.squarespace-cdn.com/content/v1/5960376d46c3c4413a513e7c/1515302358277-JLJDE7VBYWUM3KD0D5OO/ke17ZwdGBToddI8pDm48kLT719EuJM_m6YyjhaDG77x7gQa/KBOO_Ephemera_006.jpg]
[images.squarespace-cdn.com/content/v1/5960376d46c3c4413a513e7c/1515302318778-95N06Q3N52O5MW9FQ0ME/ke17ZwdGBToddI8pDm48kPg1j9_P-XkA-m6r16A64f97gQa/KBOO_bw_photos_album1_163.jpg]
[images.squarespace-cdn.com/content/v1/5960376d46c3c4413a513e7c/1513715279388-R5WRDRRD4XC9GN1NXFDS/ke17ZwdGBToddI8pDm48kKPgLMih0AnKnh6bANBA3R97gQa/KBOO-Vintage-4.jpg]
[images.squarespace-cdn.com/content/v1/5960376d46c3c4413a513e7c/1515311141132-EC4WEKJ2ZKWVMM0CZA94/ke17ZwdGBToddI8pDm48kN4agLJ5MCny33igMlzU0gJZw-z/LebendenToten-LiveOnKbooInsert-front.jpg]
[images.squarespace-cdn.com/content/v1/5960376d46c3c4413a513e7c/1515302325888-QEK29JVFWAME85C5ZHAJ/ke17ZwdGBToddI8pDm48kNieQx9KL1evre9Hd4ljT6d7gQa/KBOO_bw_photos_album1_193.jpg]
[images.squarespace-cdn.com/content/v1/5960376d46c3c4413a513e7c/1515305224864-63M8N2U14VCS6ZJ1ZRVZ/ke17ZwdGBToddI8pDm48kFPMNY03bGZs-Wog5bUWXdd7gQa/KBOO_photos_album3_120.jpg]
[images.squarespace-cdn.com/content/v1/5960376d46c3c4413a513e7c/1515306262214-7C83RF3P1ERNJPVYXFIT/ke17ZwdGBToddI8pDm48kIS07DWGUjdsCSD7wpDU-Ul7gQa/KBOO_Posters_OS_Ornette_Coleman.jpg]
[images.squarespace-cdn.com/content/v1/5960376d46c3c4413a513e7c/1515311055111-YXVFERLRJUYTTKLR9LPD/ke17ZwdGBToddI8pDm48kDm4yD3Qisw5A2rpor9Y8JJZw-z/KBOO_Photographs_Slides_Folder4_1980s_09.jpg]
[images.squarespace-cdn.com/content/v1/5960376d46c3c4413a513e7c/1515302860422-KGZRHMIDKP1V7W909G4X/ke17ZwdGBToddI8pDm48kCT4BfUtOVhAgUQeFWG0Wvx7gQa/KBOO_flyers_073.jpg]
[images.squarespace-cdn.com/content/v1/5960376d46c3c4413a513e7c/1515302500634-KYNTVIHDMH06GC1AWKPR/ke17ZwdGBToddI8pDm48kJ0SO3czNNZDuVCHm7aUhWp7gQa/KBOO_flyers_033.jpg]
[images.squarespace-cdn.com/content/v1/5960376d46c3c4413a513e7c/1515310002156-O6BXDF83FTYZKNL84FEK/ke17ZwdGBToddI8pDm48kDHPSfPanjkWqhH6pl6g5ph7gQa/IMG_3510.jpg]
[images.squarespace-cdn.com/content/v1/5960376d46c3c4413a513e7c/1515302843658-Y9S9LAZRYQHZS12BVTA6/ke17ZwdGBToddI8pDm48kHki272D5UOw2stePTYsnm57gQa/KBOO_flyers_047.jpg]
[images.squarespace-cdn.com/content/v1/5960376d46c3c4413a513e7c/1515302857106-832XRHMODNM4G8KF21O6/ke17ZwdGBToddI8pDm48kAVcDedmORGXUZ1xqzD6uVl7gQa/KBOO_flyers_051.jpg]
[images.squarespace-cdn.com/content/v1/5960376d46c3c4413a513e7c/1515305006516-ZIK4YWCSYP63ICQBEFKG/ke17ZwdGBToddI8pDm48kHn3O-J6MHXozVMHpHArul57gQa/KBOO_photos_album2_059.jpg]
[images.squarespace-cdn.com/content/v1/5960376d46c3c4413a513e7c/1515303288945-5DKWGE38TZYZ1X3YLQPM/ke17ZwdGBToddI8pDm48kCGR1KevHFnqGPVy-pcDOPp7gQa/KBOO_flyers_120.jpg]
[images.squarespace-cdn.com/content/v1/5960376d46c3c4413a513e7c/1515302852292-IMRW47R03J8FNHIR7I5J/ke17ZwdGBToddI8pDm48kNQb_pD_8cFslKJnlBcQ2Mh7gQa/KBOO_flyers_050.jpg]
[images.squarespace-cdn.com/content/v1/5960376d46c3c4413a513e7c/1515303299817-2DKAY13PIF8IW3AU2GD8/ke17ZwdGBToddI8pDm48kHqeeNJesk4jl2yjJXjuFMt7gQa/KBOO_flyers_121.jpg]
[images.squarespace-cdn.com/content/v1/5960376d46c3c4413a513e7c/1515303890085-6XIK3OD476PTUV85VCVA/ke17ZwdGBToddI8pDm48kFwES5gcLely-LKpTanW59l7gQa/KBOO_flyers_153.jpg]
[images.squarespace-cdn.com/content/v1/5960376d46c3c4413a513e7c/1522712597539-KXR3BP8I6I69SHC4Q7OA/ke17ZwdGBToddI8pDm48kCX-V5vw-8h9IBXN10-_8XN7gQa/DSC06006.jpg]
[images.squarespace-cdn.com/content/v1/5960376d46c3c4413a513e7c/1515304826501-YMP4M4O5F0563YQYPW15/ke17ZwdGBToddI8pDm48kEp1b7W_cRVjJFIaUpJF9Od7gQa/KBOO_photos_album2_017.jpg]
[images.squarespace-cdn.com/content/v1/5960376d46c3c4413a513e7c/1515303898946-PV1O1PAJK2PXXKGF3Q9J/ke17ZwdGBToddI8pDm48kIb208rZa53-oBsRUmW1XjB7gQa/KBOO_flyers_164.jpg]
[images.squarespace-cdn.com/content/v1/5960376d46c3c4413a513e7c/1515303909324-L9860RUAWCNTK2AKYHDX/ke17ZwdGBToddI8pDm48kHVWXdsSoISbo6bKnxms1BF7gQa/KBOO_flyers_184.jpg]
[images.squarespace-cdn.com/content/v1/5960376d46c3c4413a513e7c/1515310981229-HTTXWBOS9NZ2ZOK50HYW/ke17ZwdGBToddI8pDm48kPrwYL0lJZDKNS9-s60j8khZw-z/KBOO_Photographs_Slides+_Folder1_1980s_11.jpg]
[images.squarespace-cdn.com/content/v1/5960376d46c3c4413a513e7c/1515304809850-U7XXK3JXM42JT3U5RH9J/ke17ZwdGBToddI8pDm48kMCPEPpfkmhCgEBRL_LdU-J7gQa/KBOO_photos_album2_003.jpg]
[images.squarespace-cdn.com/content/v1/5960376d46c3c4413a513e7c/1515304255268-UN1D239XRSUOARKC9EBT/ke17ZwdGBToddI8pDm48kMZ8zkSbPBsGX9PG-3u2-_R7gQa/KBOO_flyers_228.jpg]
[images.squarespace-cdn.com/content/v1/5960376d46c3c4413a513e7c/1520976328731-A0SASM6FDY2W3EF5M3VC/ke17ZwdGBToddI8pDm48kPTrHXgsMrSIMwe6YW3w1AZ7gQa/20160622_184207.jpg]
[images.squarespace-cdn.com/content/v1/5960376d46c3c4413a513e7c/1515303925291-O3CXKPW8WHFNA0UIURPV/ke17ZwdGBToddI8pDm48kDkYPVDdeZJGb7T4kFA_fBJ7gQa/KBOO_flyers_196.jpg]
[images.squarespace-cdn.com/content/v1/5960376d46c3c4413a513e7c/1515304858536-4LVENPAOET2XURAAYREK/ke17ZwdGBToddI8pDm48kGMjK6oaqo3lFXlNTiJdEYd7gQa/KBOO_photos_album2_021.jpg]
[images.squarespace-cdn.com/content/v1/5960376d46c3c4413a513e7c/1515303942783-R72SNU7KM0N2CR83PF51/ke17ZwdGBToddI8pDm48kCfn55MROKDfJEd-Y5W06dp7gQa/KBOO_flyers_201.jpg]
[images.squarespace-cdn.com/content/v1/5960376d46c3c4413a513e7c/1515305014733-MED7TTEIECXNWMREHH9X/ke17ZwdGBToddI8pDm48kGb0yvL_aDIO8U1-ELQYMSt7gQa/KBOO_photos_album2_091.jpg]
[images.squarespace-cdn.com/content/v1/5960376d46c3c4413a513e7c/1515304211949-P4EM0FQPX2BIOE05EUWO/ke17ZwdGBToddI8pDm48kHhiEUFMagJ58dXKwCAtZ4h7gQa/KBOO_flyers_206.jpg]
[images.squarespace-cdn.com/content/v1/5960376d46c3c4413a513e7c/1515305184537-WE6M5UZCQ9IVV92VDTSI/ke17ZwdGBToddI8pDm48kN0YgQyLn2Bw7submZb1F0x7gQa/KBOO_photos_album3_016.jpg]
[images.squarespace-cdn.com/content/v1/5960376d46c3c4413a513e7c/1515304832921-LZGOXN8RTIPTTYKG771W/ke17ZwdGBToddI8pDm48kIFk8K7KITow8L_pXAZngCB7gQa/KBOO_photos_album2_018.jpg]
[images.squarespace-cdn.com/content/v1/5960376d46c3c4413a513e7c/1513715277559-PXYVU1I13Q909RR9P3QH/ke17ZwdGBToddI8pDm48kKPgLMih0AnKnh6bANBA3R97gQa/KBOO-Vintage-1.jpg]
[images.squarespace-cdn.com/content/v1/5960376d46c3c4413a513e7c/1515304219386-71FWGWH5HG2OA035ZY6V/ke17ZwdGBToddI8pDm48kCfn55MROKDfJEd-Y5W06dp7gQa/KBOO_flyers_215.jpg]
[images.squarespace-cdn.com/content/v1/5960376d46c3c4413a513e7c/1515310880032-RZC9MWRMGCUJTQW2SD4E/ke17ZwdGBToddI8pDm48kCpBxJeUOEK1LPURTqTQktNZw-z/KBOO_Photographs_Slides+_Folder1_1980s_150.jpg]
[images.squarespace-cdn.com/content/v1/5960376d46c3c4413a513e7c/1515304270081-9WALOTEI59JOLKID1Y1Q/ke17ZwdGBToddI8pDm48kCBPTrqpWkMdqVWbhyXGyd97gQa/KBOO_flyers_241.jpg]
[images.squarespace-cdn.com/content/v1/5960376d46c3c4413a513e7c/1520976767491-HC9EU163P7ZG5MR6HC84/ke17ZwdGBToddI8pDm48kKmw982fUOZVIQXHUCR1F55Zw-z/20161026_184718.jpg]
[images.squarespace-cdn.com/content/v1/5960376d46c3c4413a513e7c/1515304448477-HDSWA5AG22BS5UT7B2AP/ke17ZwdGBToddI8pDm48kDkYPVDdeZJGb7T4kFA_fBJ7gQa/KBOO_flyers_246.jpg]
[images.squarespace-cdn.com/content/v1/5960376d46c3c4413a513e7c/1515304841896-JO1BZS2IOD19XQ8BUYXS/ke17ZwdGBToddI8pDm48kLznxOp5YXtTeoQlUewFykt7gQa/KBOO_photos_album2_019.jpg]
[images.squarespace-cdn.com/content/v1/5960376d46c3c4413a513e7c/1515305190723-MKXFX94O16YVWUET44DX/ke17ZwdGBToddI8pDm48kMObutAem2TDxiS_CAafOBZ7gQa/KBOO_photos_album3_019.jpg]
[images.squarespace-cdn.com/content/v1/5960376d46c3c4413a513e7c/1515305010686-TX8SWM58GSKUP9NZR075/ke17ZwdGBToddI8pDm48kEehoOy98Z8jQs4NLNC-Y617gQa/KBOO_photos_album2_081.jpg]
[images.squarespace-cdn.com/content/v1/5960376d46c3c4413a513e7c/1515305227177-LZW5289Z5ITKKR4RRKJH/ke17ZwdGBToddI8pDm48kDSl4P65qYEz60CZi70to_h7gQa/KBOO_posters_002.jpg]
[images.squarespace-cdn.com/content/v1/5960376d46c3c4413a513e7c/1515305018574-XWPAA6W2L57Z3KV0GZML/ke17ZwdGBToddI8pDm48kD0DZbJsucQkyKl9aElynv97gQa/KBOO_photos_album2_097.jpg]
[images.squarespace-cdn.com/content/v1/5960376d46c3c4413a513e7c/1515305691182-6AD0RSXXLGOKLPZV5ISG/ke17ZwdGBToddI8pDm48kMb_hzXDmy82xqOuZAEOe6F7gQa/KBOO_Posters_OS_Blues_Benefit_Tom_Wendt_2009.jpg]
[images.squarespace-cdn.com/content/v1/5960376d46c3c4413a513e7c/1515305023959-8KHEXJ4GWYC1Z40V91PX/ke17ZwdGBToddI8pDm48kKd0LWof_5_A2pQEatRKD4d7gQa/KBOO_photos_album2_102.jpg]
[images.squarespace-cdn.com/content/v1/5960376d46c3c4413a513e7c/1515305052107-A0PDC3128QP7XLIYIEN0/ke17ZwdGBToddI8pDm48kFm3yZ8E2gns05-M23bOqAV7gQa/KBOO_photos_album2_186.jpg]
[images.squarespace-cdn.com/content/v1/5960376d46c3c4413a513e7c/1515305818835-U4Q6EEDVJZKKU2T0X8R3/ke17ZwdGBToddI8pDm48kBTbDLFtlACNmwrCyXMHQId7gQa/KBOO_Posters_OS_JohnFahey_LeaseBurn.jpg]
[images.squarespace-cdn.com/content/v1/5960376d46c3c4413a513e7c/1515311152364-NF2ED4Z84EK4RAHB2HIE/ke17ZwdGBToddI8pDm48kDHPSfPanjkWqhH6pl6g5ph7gQa/PB210195.jpg]
[images.squarespace-cdn.com/content/v1/5960376d46c3c4413a513e7c/1515305194939-XQ3RYGSYZ1BLPYOQCG7S/ke17ZwdGBToddI8pDm48kFWbfvKoGaFShhMcKfsq37t7gQa/KBOO_photos_album3_045.jpg]
[images.squarespace-cdn.com/content/v1/5960376d46c3c4413a513e7c/1522712581703-L1QQWE5MEUMB5EM1O1AG/ke17ZwdGBToddI8pDm48kCX-V5vw-8h9IBXN10-_8XN7gQa/DSC05968.jpg]
[images.squarespace-cdn.com/content/v1/5960376d46c3c4413a513e7c/1515305605583-0J5H1U9FJ29KQYS7RXIG/ke17ZwdGBToddI8pDm48kHTjdXaoHj2XBS1xQ9Jx_M57gQa/KBOO_posters_031.jpg]
[images.squarespace-cdn.com/content/v1/5960376d46c3c4413a513e7c/1515310872483-EY9FHSVQPEC269D1X9BV/ke17ZwdGBToddI8pDm48kHyvGdaL4_jAUdfT36jjNsNZw-z/KBOO_Photographs_Slides+_Folder1_1980s_97.jpg]
[images.squarespace-cdn.com/content/v1/5960376d46c3c4413a513e7c/1515305200051-XFD55LG3BPX1EC0ZYIZW/ke17ZwdGBToddI8pDm48kOt7yoMWVfNRWH9kuIwXnoV7gQa/KBOO_photos_album3_048.jpg]
[images.squarespace-cdn.com/content/v1/5960376d46c3c4413a513e7c/1515305208814-ZG6OXSIU34IPYW2ORTKP/ke17ZwdGBToddI8pDm48kDROHI3knNikWt259p5xjYp7gQa/KBOO_photos_album3_105-1+copy.jpg]
[images.squarespace-cdn.com/content/v1/5960376d46c3c4413a513e7c/1520976760004-CJZCMGE3W55AG6TB8UXC/ke17ZwdGBToddI8pDm48kKmw982fUOZVIQXHUCR1F55Zw-z/20160925_105324.jpg]
[images.squarespace-cdn.com/content/v1/5960376d46c3c4413a513e7c/1515305597789-EH1LOONDGVG6JD73OJDB/ke17ZwdGBToddI8pDm48kF-fAEgz1miypaMHGItNg8h7gQa/KBOO_posters_030.jpg]
[images.squarespace-cdn.com/content/v1/5960376d46c3c4413a513e7c/1515305233003-ZY7T9OT38K62HTA6JZB3/ke17ZwdGBToddI8pDm48kGU9yyHU-zcJFCI8ryYiAhp7gQa/KBOO_posters_020.jpg]
[images.squarespace-cdn.com/content/v1/5960376d46c3c4413a513e7c/1515310860419-IVKWCZ5Q3EC24BOSD56N/ke17ZwdGBToddI8pDm48kH67Skrto_FT7geaCK_IyCxZw-z/KBOO_Photographs_Slides+_Folder1_1980s_48.jpg]
[images.squarespace-cdn.com/content/v1/5960376d46c3c4413a513e7c/1515305234984-MBSZZZQL5E4VKNFTAOGP/ke17ZwdGBToddI8pDm48kIRM0T7XL_OEJO545rOaEaF7gQa/KBOO_posters_022.jpg]
[images.squarespace-cdn.com/content/v1/5960376d46c3c4413a513e7c/1515305219589-3HW1A8N59NAJ9HO3TI43/ke17ZwdGBToddI8pDm48kIzE_4x8eNcHdeWtNmzs0Sp7gQa/KBOO_photos_album3_116.jpg]
[images.squarespace-cdn.com/content/v1/5960376d46c3c4413a513e7c/1515305630895-NUKJ4FB6KJIMQMBSW89Q/ke17ZwdGBToddI8pDm48kHTjdXaoHj2XBS1xQ9Jx_M57gQa/KBOO_posters_052.jpg]
[images.squarespace-cdn.com/content/v1/5960376d46c3c4413a513e7c/1515304870462-OKWZ909659WNHA361EPK/ke17ZwdGBToddI8pDm48kHjkGZaj4XmmRm6QfBJ2tw57gQa/KBOO_photos_album2_031.jpg]
[images.squarespace-cdn.com/content/v1/5960376d46c3c4413a513e7c/1520976780718-P7CE4TV9LWZLQDTK3B04/ke17ZwdGBToddI8pDm48kKmw982fUOZVIQXHUCR1F55Zw-z/20170105_182445.jpg]
[images.squarespace-cdn.com/content/v1/5960376d46c3c4413a513e7c/1515305611976-WZUSGR0CXTRKW47F03GL/ke17ZwdGBToddI8pDm48kHTjdXaoHj2XBS1xQ9Jx_M57gQa/KBOO_posters_039.jpg]
[images.squarespace-cdn.com/content/v1/5960376d46c3c4413a513e7c/1515309988731-FUTZ5ZWUFF86QH47KGS2/ke17ZwdGBToddI8pDm48kDHPSfPanjkWqhH6pl6g5ph7gQa/IMG_2465.jpg]
[images.squarespace-cdn.com/content/v1/5960376d46c3c4413a513e7c/1515305628091-8NGN1YM6OLX01M3Z10YQ/ke17ZwdGBToddI8pDm48kHTjdXaoHj2XBS1xQ9Jx_M57gQa/KBOO_posters_049.jpg]
[images.squarespace-cdn.com/content/v1/5960376d46c3c4413a513e7c/1515305798795-Q9MHMR3T3IMWD9FU2FQM/ke17ZwdGBToddI8pDm48kBVPr1QbD2otP5FPPZYTT5d7gQa/KBOO_Posters_OS_IndianWorld.jpg]
[images.squarespace-cdn.com/content/v1/5960376d46c3c4413a513e7c/1515309752302-V9Y2MWA22MH5TPA41GI1/ke17ZwdGBToddI8pDm48kDHPSfPanjkWqhH6pl6g5ph7gQa/DSCF2870.jpg]
[images.squarespace-cdn.com/content/v1/5960376d46c3c4413a513e7c/1515305616412-8WH4CCOIWWB082GBS49T/ke17ZwdGBToddI8pDm48kHTjdXaoHj2XBS1xQ9Jx_M57gQa/KBOO_posters_041.jpg]
[images.squarespace-cdn.com/content/v1/5960376d46c3c4413a513e7c/1515306170968-94UIDGQH46NI13HR9RX6/ke17ZwdGBToddI8pDm48kEFU3TOJgVyFVkHChKeXLct7gQa/KBOO_Posters_OS_Philip_Agee_Talk_CIA_Neo_Nazi.jpg]
[images.squarespace-cdn.com/content/v1/5960376d46c3c4413a513e7c/1515305983518-L9QK5CKGM98T62EMIZ3M/ke17ZwdGBToddI8pDm48kFyD7pzB8zoMIVY5aiUuFlp7gQa/KBOO_Posters_OS_JohnFahey_Pro.jpg]
[images.squarespace-cdn.com/content/v1/5960376d46c3c4413a513e7c/1515306285958-43SG18RCE7I8LASZROK4/ke17ZwdGBToddI8pDm48kJUgjkZBdMOY4S7yezBpAbt7gQa/KBOO_Posters_OS_WorldMusicFestival_First.jpg]
[images.squarespace-cdn.com/content/v1/5960376d46c3c4413a513e7c/1515309998606-QF1EXEI7PBCL2LB93NF2/ke17ZwdGBToddI8pDm48kDHPSfPanjkWqhH6pl6g5ph7gQa/IMG_3360.jpg]
[images.squarespace-cdn.com/content/v1/5960376d46c3c4413a513e7c/1515306319835-A4LZ138COBKFGI3SLR0I/ke17ZwdGBToddI8pDm48kF8DgBFu-ZdiI4MlyRaNc_97gQa/KBOO_Posters_OS_PeteSeeger.jpg]
[images.squarespace-cdn.com/content/v1/5960376d46c3c4413a513e7c/1515309976084-HJB3KP2DGO4NL0ZCBKFB/ke17ZwdGBToddI8pDm48kJvH5GWP1lgyeN_gDD4EEI97gQa/IMG_0382.jpg]
[images.squarespace-cdn.com/content/v1/5960376d46c3c4413a513e7c/1515306563082-N88I0ZQE07ZUAAAPG7ZX/ke17ZwdGBToddI8pDm48kM9RzS5FyZrG3Qhky_bafJF7gQa/KBOO_album_004-page-001.jpg]
[images.squarespace-cdn.com/content/v1/5960376d46c3c4413a513e7c/1515306699335-B2B2QSV3SI0YGMK01FTW/ke17ZwdGBToddI8pDm48kH7c7-NMQp2v79j4wr3JFN17gQa/KBOO_album_005-page-001.jpg]
[images.squarespace-cdn.com/content/v1/5960376d46c3c4413a513e7c/1522710559798-UV70GF1UZZ8WJCVYV9D4/ke17ZwdGBToddI8pDm48kFYzrgoV57TBQf88CUSs-217gQa/KBOO_photographs_bw_004(1).jpg]
[images.squarespace-cdn.com/content/v1/5960376d46c3c4413a513e7c/1515309993309-AZKQLD6WNUW2MD3V8U1K/ke17ZwdGBToddI8pDm48kDHPSfPanjkWqhH6pl6g5ph7gQa/IMG_2470.jpg]
[images.squarespace-cdn.com/content/v1/5960376d46c3c4413a513e7c/1515310868397-1AX1ILQCEH23W408C09G/ke17ZwdGBToddI8pDm48kNGH7Qr3wOj6z5VzZtGzNmVZw-z/KBOO_Photographs_Slides+_Folder1_1980s_69.jpg]
[images.squarespace-cdn.com/content/v1/5960376d46c3c4413a513e7c/1515311070976-EY86QUWCBANJ7X2X6KCD/ke17ZwdGBToddI8pDm48kHTjdXaoHj2XBS1xQ9Jx_M57gQa/KBOO_posters_042.jpg]
[images.squarespace-cdn.com/content/v1/5960376d46c3c4413a513e7c/1515310854457-6AL9XQL1UO9KIETOSJYR/ke17ZwdGBToddI8pDm48kCHSQMNlxcN3hJ59KdT_AWJ7gQa/KBOO_photographs_bw_013.jpg]
[images.squarespace-cdn.com/content/v1/5960376d46c3c4413a513e7c/1515310876521-ZRR0D0VZ39O14A2AOF1Z/ke17ZwdGBToddI8pDm48kN_aWAFUIFe5nPIDelSMtQJZw-z/KBOO_Photographs_Slides+_Folder1_1980s_116.jpg]
[images.squarespace-cdn.com/content/v1/5960376d46c3c4413a513e7c/1515305763353-WZLP1E29OYCV0XUPJU1Z/ke17ZwdGBToddI8pDm48kI80qm1VP3MotkgZsPbKwGt7gQa/KBOO_Posters_OS_DrStranglovesChildren.jpg]
[images.squarespace-cdn.com/content/v1/5960376d46c3c4413a513e7c/1522711200207-KQRQPNKQ3TBE90LFBVY8/ke17ZwdGBToddI8pDm48kG_bSnW48LfqnBtn4FzjmvR7gQa/KBOO_photographs_color_YouthCollective_06.jpg]
[images.squarespace-cdn.com/content/v1/5960376d46c3c4413a513e7c/1521079345104-431CIW7YHXFLU88A8CLD/ke17ZwdGBToddI8pDm48kCX-V5vw-8h9IBXN10-_8XN7gQa/DSC04869.jpg]
[images.squarespace-cdn.com/content/v1/5960376d46c3c4413a513e7c/1515306135279-IWT16A0RWAT7II7ODMGL/ke17ZwdGBToddI8pDm48kIS07DWGUjdsCSD7wpDU-Ul7gQa/KBOO_Posters_OS_Ornette_Coleman.jpg]
[images.squarespace-cdn.com/content/v1/5960376d46c3c4413a513e7c/1515310849064-UV1FKXLLLOIBQ6J7KJY8/ke17ZwdGBToddI8pDm48kA3yyWGvtoUFfWVF2ta4aR97gQa/KBOO_files_GrassrootsMediaCamp_2007.jpg]
[images.squarespace-cdn.com/content/v1/5960376d46c3c4413a513e7c/1520976312725-D5OJIJSGTPNDDEDIDHEA/ke17ZwdGBToddI8pDm48kLkXF2pIyv_F2eUT9F60jBl7gQa/2013-10-20--07.jpg]
[images.squarespace-cdn.com/content/v1/5960376d46c3c4413a513e7c/1520975784949-LWQV9527YPYOHCD2TG7K/ke17ZwdGBToddI8pDm48kIB8jimoi_L3IccfpmJ3uKNZw-z/1971+may+gk+at+kboo+salmon+st+#2.jpg]
[images.squarespace-cdn.com/content/v1/5960376d46c3c4413a513e7c/1520975802587-PQ37KSIFOX2Y8QSJ0UE9/ke17ZwdGBToddI8pDm48kHQkTu0eZ8WGS50KDn5U2CBZw-z/1972+kboo+april+fools+benefit+poster.jpg]
[images.squarespace-cdn.com/content/v1/5960376d46c3c4413a513e7c/1520976318951-0VD47MUR6ZYWV4HYUY9S/ke17ZwdGBToddI8pDm48kPTrHXgsMrSIMwe6YW3w1AZ7gQa/20160422_151213.jpg]
[images.squarespace-cdn.com/content/v1/5960376d46c3c4413a513e7c/1520976319868-GR13CGOPVKK51RZOG5M3/ke17ZwdGBToddI8pDm48kKmw982fUOZVIQXHUCR1F55Zw-z/20160503_135743.jpg]
[images.squarespace-cdn.com/content/v1/5960376d46c3c4413a513e7c/1513715281564-LOO2JV7Q5YSVLJS1XC86/ke17ZwdGBToddI8pDm48kKPgLMih0AnKnh6bANBA3R97gQa/KBOO-Vintage-5.jpg]
[images.squarespace-cdn.com/content/v1/5960376d46c3c4413a513e7c/1520976333630-W9JGVITX2KFQ7AOQUP1F/ke17ZwdGBToddI8pDm48kKmw982fUOZVIQXHUCR1F55Zw-z/20160908_140207.jpg]
[images.squarespace-cdn.com/content/v1/5960376d46c3c4413a513e7c/1515303959147-W0AC9F9NP2PTF653MAUR/ke17ZwdGBToddI8pDm48kJyBxroXZG0DIslCm_lcvJt7gQa/KBOO_flyers_202.jpg]
[images.squarespace-cdn.com/content/v1/5960376d46c3c4413a513e7c/1526427664670-KH6IB4BGKROFJ49H4MHW/ke17ZwdGBToddI8pDm48kCX-V5vw-8h9IBXN10-_8XN7gQa/DSC04854.jpg]
[images.squarespace-cdn.com/content/v1/5960376d46c3c4413a513e7c/1520976342891-8LES7PAJDTZ4LJYWYK61/ke17ZwdGBToddI8pDm48kKmw982fUOZVIQXHUCR1F55Zw-z/20160912_215235.jpg]
[images.squarespace-cdn.com/content/v1/5960376d46c3c4413a513e7c/1520976752199-YB6O8P7UK4LOCD6NRSDK/ke17ZwdGBToddI8pDm48kKmw982fUOZVIQXHUCR1F55Zw-z/20160912_215237.jpg]
[images.squarespace-cdn.com/content/v1/5960376d46c3c4413a513e7c/1522712614257-0XP56KGBZSTF9Q87KB3W/ke17ZwdGBToddI8pDm48kCX-V5vw-8h9IBXN10-_8XN7gQa/DSC06089.jpg]
[images.squarespace-cdn.com/content/v1/5960376d46c3c4413a513e7c/1526534567511-SRAKUK3BXIP35F8VL72X/ke17ZwdGBToddI8pDm48kKmw982fUOZVIQXHUCR1F55Zw-z/IMG_3958.jpg]
[images.squarespace-cdn.com/content/v1/5960376d46c3c4413a513e7c/1520976789865-89QRK3YRXL0BBU6ALEUO/ke17ZwdGBToddI8pDm48kKmw982fUOZVIQXHUCR1F55Zw-z/20170310_161223.jpg]
[images.squarespace-cdn.com/content/v1/5960376d46c3c4413a513e7c/1515311061840-8NJJP3L6XB37UKJKVI3R/ke17ZwdGBToddI8pDm48kB92dViXzs5J_mtyhx0flQ9Zw-z/KBOO_Photographs_Slides_Folder4_PosterAd_2.jpg]
[images.squarespace-cdn.com/content/v1/5960376d46c3c4413a513e7c/1521069602633-7UX3MIX94QU8UBBE31J5/ke17ZwdGBToddI8pDm48kN7lLKvAx-2m2pwyY9u5XlZZw-z/KBOO+sign+construction.png]
[images.squarespace-cdn.com/content/v1/5960376d46c3c4413a513e7c/1522710490415-ZPJR8YEWK6VZIB52NIM1/ke17ZwdGBToddI8pDm48kOcatRG9rMOaCrdEmgzjMUF7gQa/KBOO_bw_photos_album1_019.jpg]
[images.squarespace-cdn.com/content/v1/5960376d46c3c4413a513e7c/1521079635684-A3LTEQ9EDTTNPUN6Q4CX/ke17ZwdGBToddI8pDm48kBD891KqJE3RJ65uoQ-8Tu1Zw-z/KBOO_Olding_Mitchell.png]
[images.squarespace-cdn.com/content/v1/5960376d46c3c4413a513e7c/1522709814854-SEVW4FK7536SIGHF7INO/ke17ZwdGBToddI8pDm48kCX-V5vw-8h9IBXN10-_8XN7gQa/DSC06042.jpg]
[images.squarespace-cdn.com/content/v1/5960376d46c3c4413a513e7c/1522709899839-PIKQN7WE0LB1GA8KRUHL/ke17ZwdGBToddI8pDm48kCX-V5vw-8h9IBXN10-_8XN7gQa/DSC06157.jpg]
[images.squarespace-cdn.com/content/v1/5960376d46c3c4413a513e7c/1522710484103-3WLLB1UBXODDXYT3MRDT/ke17ZwdGBToddI8pDm48kLmC10aoKC-VfMVPeayyE1h7gQa/KBOO_bw_photos_album1_003.jpg]
[images.squarespace-cdn.com/content/v1/5960376d46c3c4413a513e7c/1522710508178-BGXOESSZTPBUG7UB32MG/ke17ZwdGBToddI8pDm48kOcKQOVP5FDSs_EL08_6W_J7gQa/KBOO_bw_photos_album1_011.jpg]
[images.squarespace-cdn.com/content/v1/5960376d46c3c4413a513e7c/1522710514871-F9Y4I4HXXVQZIRO4AUFA/ke17ZwdGBToddI8pDm48kBhDTlkZervO99-xhr5S6hh7gQa/KBOO_photographs_color_YouthCollective_02.jpg]
[images.squarespace-cdn.com/content/v1/5960376d46c3c4413a513e7c/1522710518649-8UUX3DIBGAYU441GGP35/ke17ZwdGBToddI8pDm48kF3JqaA2OEouTRpyGlt8_517gQa/KBOO_bw_photos_album1_119.jpg]
[images.squarespace-cdn.com/content/v1/5960376d46c3c4413a513e7c/1522710525876-MSKS5XCWV9NXHQIQXKVD/ke17ZwdGBToddI8pDm48kK5IoXbgXhkBwSLIRTFeguN7gQa/KBOO_photographs_color_BooBall_1991_06.jpg]
[images.squarespace-cdn.com/content/v1/5960376d46c3c4413a513e7c/1522709836478-1JK3BR66PXAS7K43X5E1/ke17ZwdGBToddI8pDm48kCX-V5vw-8h9IBXN10-_8XN7gQa/DSC06100.jpg]
[images.squarespace-cdn.com/content/v1/5960376d46c3c4413a513e7c/1522710572266-Z0K95ZVGGNT68SFOMCOC/ke17ZwdGBToddI8pDm48kCGjYoYxp2K9W3YUBAyY3597gQa/KBOO_bw_photos_album1_090.jpg]
[images.squarespace-cdn.com/content/v1/5960376d46c3c4413a513e7c/1522710566106-0YBHB4EQ75KQU7AUMEYE/ke17ZwdGBToddI8pDm48kBQKl1cmnBu3W9MukcskE317gQa/KBOO_photographs_color_089.jpg]
[images.squarespace-cdn.com/content/v1/5960376d46c3c4413a513e7c/1522710586192-5INH6LHAV9KMS8Q1U9UW/ke17ZwdGBToddI8pDm48kGeTomKtyUZlXohcgww8kBV7gQa/KBOO_bw_photos_album1_059.jpg]
[images.squarespace-cdn.com/content/v1/5960376d46c3c4413a513e7c/1522711092274-351I1UOG735AN0SJSWWC/ke17ZwdGBToddI8pDm48kEgjPyEbaVXN0GnhKCqJtQ5Zw-z/KBOO_Photographs_Slides+_Folder1_1980s_129.jpg]
[images.squarespace-cdn.com/content/v1/5960376d46c3c4413a513e7c/1522711105672-APZ8NQ4XRPUPQC8NIHH3/ke17ZwdGBToddI8pDm48kPrwYL0lJZDKNS9-s60j8khZw-z/KBOO_Photographs_Slides+_Folder1_1980s_11.jpg]
[images.squarespace-cdn.com/content/v1/5960376d46c3c4413a513e7c/1522711108739-XVMCSZRY8QDNFRLQ4XPZ/ke17ZwdGBToddI8pDm48kIjGw3HwBrrcawqsZRHZQNJZw-z/KBOO_Photographs_Slides+_Folder1_1980s_01.jpg]
[images.squarespace-cdn.com/content/v1/5960376d46c3c4413a513e7c/1522711121109-EJQ4LMB9JFXBNPNGINAH/ke17ZwdGBToddI8pDm48kCI9BabvSgN05U0N2HPFRjVZw-z/KBOO_Photographs_Slides_Folder2_1980s_20.jpg]
[images.squarespace-cdn.com/content/v1/5960376d46c3c4413a513e7c/1522711259903-ZC83O8M4QT72ORV5S604/ke17ZwdGBToddI8pDm48kGeTomKtyUZlXohcgww8kBV7gQa/KBOO_photos_album3_056.jpg]
[images.squarespace-cdn.com/content/v1/5960376d46c3c4413a513e7c/1522711274453-5174JE0R3MSCIWEY4SWV/ke17ZwdGBToddI8pDm48kIkPpV0mxEKUdzG4vgU3zj97gQa/KBOO_photos_album3_068.jpg]
[images.squarespace-cdn.com/content/v1/5960376d46c3c4413a513e7c/1522711261628-Z92RCNVWKKS8IE7GQJ4V/ke17ZwdGBToddI8pDm48kIcqFG5gA96fhD4Q8OFtt5l7gQa/KBOO_photos_album3_058.jpg]
[images.squarespace-cdn.com/content/v1/5960376d46c3c4413a513e7c/1522709803752-BJU9U5XF0RSAC27VC6Z3/ke17ZwdGBToddI8pDm48kCX-V5vw-8h9IBXN10-_8XN7gQa/DSC06026.jpg]
[images.squarespace-cdn.com/content/v1/5960376d46c3c4413a513e7c/1522711301970-HC3LRBPFMT601FBFVPJ2/ke17ZwdGBToddI8pDm48kIOMKW6mLKrbvFU66m_93r57gQa/KBOO_photos_album3_071.jpg]
[images.squarespace-cdn.com/content/v1/5960376d46c3c4413a513e7c/1522712571703-RMQRSTMVUJPNRQHOCWCI/ke17ZwdGBToddI8pDm48kCX-V5vw-8h9IBXN10-_8XN7gQa/DSC05958.jpg]
[images.squarespace-cdn.com/content/v1/5960376d46c3c4413a513e7c/1522711308262-EC31L499UZZRBMM0W0WL/ke17ZwdGBToddI8pDm48kDogYgQdVQAkUW98gmY9Vgt7gQa/KBOO_photos_album3_073.jpg]
[images.squarespace-cdn.com/content/v1/5960376d46c3c4413a513e7c/1522711327105-S7MYQ5T58JUNM0GNY4WR/ke17ZwdGBToddI8pDm48kDHPSfPanjkWqhH6pl6g5ph7gQa/P9050219.jpg]
[images.squarespace-cdn.com/content/v1/5960376d46c3c4413a513e7c/1515306257557-F4U44O868O9QDCVI9QNN/ke17ZwdGBToddI8pDm48kGTmws3ppudqNjEN_QFu-ksUqsx/KBOO_Posters_OS_PledgeWeekRed.jpg]
[images.squarespace-cdn.com/content/v1/5960376d46c3c4413a513e7c/1522712500693-ATOK08O7BSXU1TLOEDVY/ke17ZwdGBToddI8pDm48kCX-V5vw-8h9IBXN10-_8XN7gQa/DSC06064.jpg]
[images.squarespace-cdn.com/content/v1/5960376d46c3c4413a513e7c/1515304259771-2DUBAM3SVG7M129QT6CK/ke17ZwdGBToddI8pDm48kL2JGR2pHqlOOF93n9MNUit7gQa/KBOO_flyers_234.jpg]
[images.squarespace-cdn.com/content/v1/5960376d46c3c4413a513e7c/1522712589246-K9IYFLBEHPV32QQA1LL7/ke17ZwdGBToddI8pDm48kCX-V5vw-8h9IBXN10-_8XN7gQa/DSC06018.jpg]
[images.squarespace-cdn.com/content/v1/5960376d46c3c4413a513e7c/1522711322667-KDJKQ6VTEQ0GQBDNBEQB/ke17ZwdGBToddI8pDm48kDJ65Mj6XS6B32Qx_5sFGSZ7gQa/KBOO_photos_album3_079.jpg]
[images.squarespace-cdn.com/content/v1/5960376d46c3c4413a513e7c/1526423552013-TRH039VB5ME7DP6QKIU5/ke17ZwdGBToddI8pDm48kCX-V5vw-8h9IBXN10-_8XN7gQa/DSC06048.jpg]
[images.squarespace-cdn.com/content/v1/5960376d46c3c4413a513e7c/1526423574290-E28IT8JJN0PMP3113VXG/ke17ZwdGBToddI8pDm48kCX-V5vw-8h9IBXN10-_8XN7gQa/DSC06100.jpg]
[images.squarespace-cdn.com/content/v1/5960376d46c3c4413a513e7c/1526428971019-1TY3B1BZPKW5EUES1HUT/ke17ZwdGBToddI8pDm48kMXRibDYMhUiookWqwUxEZ97gQa/The+Loafers_7.jpg]
[images.squarespace-cdn.com/content/v1/5960376d46c3c4413a513e7c/1526423584193-BV1OVHPIEJY4OP3KHP74/ke17ZwdGBToddI8pDm48kCX-V5vw-8h9IBXN10-_8XN7gQa/DSC06101.jpg]
[images.squarespace-cdn.com/content/v1/5960376d46c3c4413a513e7c/1526424675994-VLTZNVFM850Q7LJYO15G/ke17ZwdGBToddI8pDm48kFewjClOevTJKwCeYDLSR4FZw-z/Screen+Shot+2018-05-15+at+3.50.19+PM.png]
[images.squarespace-cdn.com/content/v1/5960376d46c3c4413a513e7c/1526423632728-P0W69EXR9Q1TXMR46EA8/ke17ZwdGBToddI8pDm48kCX-V5vw-8h9IBXN10-_8XN7gQa/DSC06113.jpg]
[images.squarespace-cdn.com/content/v1/5960376d46c3c4413a513e7c/1526423773959-XXLJQEC3Z40RGSJ6EQOB/ke17ZwdGBToddI8pDm48kAhwPLGgyP-4P2Q_zWymkMVZw-z/Screen+Shot+2018-05-15+at+3.35.42+PM.png]
[images.squarespace-cdn.com/content/v1/5960376d46c3c4413a513e7c/1526424292748-SG3AK49C568SHJ7PB8N4/ke17ZwdGBToddI8pDm48kA-HlhAXWnOJUk93g3MH9tFZw-z/Screen+Shot+2018-05-15+at+3.44.32+PM.png]
[images.squarespace-cdn.com/content/v1/5960376d46c3c4413a513e7c/1526424337593-QKJTV0AWBVSZM31WSAIO/ke17ZwdGBToddI8pDm48kMabCDRP9p5KEbfzTbNBSYtZw-z/Screen+Shot+2018-05-15+at+3.37.57+PM.png]
[images.squarespace-cdn.com/content/v1/5960376d46c3c4413a513e7c/1526424414610-BIO9PRHC3SNAFXGZ6L4K/ke17ZwdGBToddI8pDm48kFFUMx7CTexmPn7dU7XiquUUqsx/Screen+Shot+2018-05-15+at+3.46.36+PM.png]
[images.squarespace-cdn.com/content/v1/5960376d46c3c4413a513e7c/1526424470389-I1FTQ48NTRIW6K139YPS/ke17ZwdGBToddI8pDm48kO0JxGLyxYspZzVuc_I7MMFZw-z/Screen+Shot+2018-05-15+at+3.46.59+PM.png]
[images.squarespace-cdn.com/content/v1/5960376d46c3c4413a513e7c/1526424523375-QATCDQ2FGH0YCYQPNDMM/ke17ZwdGBToddI8pDm48kJKBrMPApRVdcI3-vUQc_2pZw-z/Screen+Shot+2018-05-15+at+3.48.15+PM.png]
[images.squarespace-cdn.com/content/v1/5960376d46c3c4413a513e7c/1526424526714-IQHWNY1S1278FAQAV7GI/ke17ZwdGBToddI8pDm48kGM2505FIIktCC2Dble_K39Zw-z/Screen+Shot+2018-05-15+at+3.48.24+PM.png]
[images.squarespace-cdn.com/content/v1/5960376d46c3c4413a513e7c/1526423661322-85XLECCZTG7YIZHY8KW9/ke17ZwdGBToddI8pDm48kCX-V5vw-8h9IBXN10-_8XN7gQa/DSC06141.jpg]
[images.squarespace-cdn.com/content/v1/5960376d46c3c4413a513e7c/1526424663445-YVUU8JO3HQQN1GER6P0I/ke17ZwdGBToddI8pDm48kEX4eSO9OlYvQMhy_ykFd2ZZw-z/Screen+Shot+2018-05-15+at+3.49.44+PM.png]
[images.squarespace-cdn.com/content/v1/5960376d46c3c4413a513e7c/1515305624741-QGWZ0YTOKRNIGCPZ5WL6/ke17ZwdGBToddI8pDm48kHTjdXaoHj2XBS1xQ9Jx_M57gQa/KBOO_posters_048.jpg]
[images.squarespace-cdn.com/content/v1/5960376d46c3c4413a513e7c/1526427383145-ZZ9NQ4QN4SYZKBRASEZC/ke17ZwdGBToddI8pDm48kCX-V5vw-8h9IBXN10-_8XN7gQa/DSC04912.jpg]
[images.squarespace-cdn.com/content/v1/5960376d46c3c4413a513e7c/1526427453864-C0WH2RWGCIAJUWOGMTDX/ke17ZwdGBToddI8pDm48kCX-V5vw-8h9IBXN10-_8XN7gQa/DSC04990.jpg]
[images.squarespace-cdn.com/content/v1/5960376d46c3c4413a513e7c/1526427467466-4DSNFDBYYVGGR5F0900M/ke17ZwdGBToddI8pDm48kCX-V5vw-8h9IBXN10-_8XN7gQa/DSC05044.jpg]
[images.squarespace-cdn.com/content/v1/5960376d46c3c4413a513e7c/1526427478129-W2H04CJ8H0PF0MJW663S/ke17ZwdGBToddI8pDm48kCX-V5vw-8h9IBXN10-_8XN7gQa/DSC04830.jpg]
[images.squarespace-cdn.com/content/v1/5960376d46c3c4413a513e7c/1526427497283-DJ6U3ESUFIGYJDD6DDRF/ke17ZwdGBToddI8pDm48kCX-V5vw-8h9IBXN10-_8XN7gQa/DSC05063.jpg]
[images.squarespace-cdn.com/content/v1/5960376d46c3c4413a513e7c/1526427555544-QIF0TNNG0IDG3RZWT1XA/ke17ZwdGBToddI8pDm48kCX-V5vw-8h9IBXN10-_8XN7gQa/DSC05060.jpg]
[images.squarespace-cdn.com/content/v1/5960376d46c3c4413a513e7c/1526427564118-E0DVP2NWXV78UL5OX3HM/ke17ZwdGBToddI8pDm48kCX-V5vw-8h9IBXN10-_8XN7gQa/DSC04595.jpg]
[images.squarespace-cdn.com/content/v1/5960376d46c3c4413a513e7c/1526427576918-I9V89K8V40359FR9PL9A/ke17ZwdGBToddI8pDm48kCX-V5vw-8h9IBXN10-_8XN7gQa/DSC04869.jpg]
[images.squarespace-cdn.com/content/v1/5960376d46c3c4413a513e7c/1526427585178-S0WULDBQ4GRKAWHHVVJK/ke17ZwdGBToddI8pDm48kCX-V5vw-8h9IBXN10-_8XN7gQa/DSC04973.jpg]
[images.squarespace-cdn.com/content/v1/5960376d46c3c4413a513e7c/1526427487615-PXTCH72TL1O2M1P3JE3N/ke17ZwdGBToddI8pDm48kCX-V5vw-8h9IBXN10-_8XN7gQa/DSC04695.jpg]
[images.squarespace-cdn.com/content/v1/5960376d46c3c4413a513e7c/1526427614140-MAPK6YVJOHCLY6TKSV7M/ke17ZwdGBToddI8pDm48kCX-V5vw-8h9IBXN10-_8XN7gQa/DSC04522.jpg]
[images.squarespace-cdn.com/content/v1/5960376d46c3c4413a513e7c/1526427593668-4YVM1PGCPKXPSRQVMR0C/ke17ZwdGBToddI8pDm48kCX-V5vw-8h9IBXN10-_8XN7gQa/DSC05060.jpg]
[images.squarespace-cdn.com/content/v1/5960376d46c3c4413a513e7c/1526427621951-8KRYH082W8HU0I8HQWTP/ke17ZwdGBToddI8pDm48kCX-V5vw-8h9IBXN10-_8XN7gQa/DSC04737.jpg]
[images.squarespace-cdn.com/content/v1/5960376d46c3c4413a513e7c/1526427629478-IWPTFI2TMCYGKFAUFYAG/ke17ZwdGBToddI8pDm48kCX-V5vw-8h9IBXN10-_8XN7gQa/DSC04605.jpg]
[images.squarespace-cdn.com/content/v1/5960376d46c3c4413a513e7c/1526427646558-D19P38E3MOQ45MKZZJ70/ke17ZwdGBToddI8pDm48kCX-V5vw-8h9IBXN10-_8XN7gQa/DSC04704.jpg]
[images.squarespace-cdn.com/content/v1/5960376d46c3c4413a513e7c/1526427654523-N2WNTD455CF8HE4CUJB6/ke17ZwdGBToddI8pDm48kCX-V5vw-8h9IBXN10-_8XN7gQa/DSC05147.jpg]
[images.squarespace-cdn.com/content/v1/5960376d46c3c4413a513e7c/1526427674405-7WADFV3P9Q68X6YW4X9X/ke17ZwdGBToddI8pDm48kCX-V5vw-8h9IBXN10-_8XN7gQa/DSC04923.jpg]
[images.squarespace-cdn.com/content/v1/5960376d46c3c4413a513e7c/1526424317909-S8B6R5N48I8EJLPKLCTK/ke17ZwdGBToddI8pDm48kLjrUiNwgYk3FrY-XL1UZrJZw-z/Screen+Shot+2018-05-15+at+3.37.41+PM.png]
[images.squarespace-cdn.com/content/v1/5960376d46c3c4413a513e7c/1526423532481-S6662K67HTOTW8ATAM1N/ke17ZwdGBToddI8pDm48kCX-V5vw-8h9IBXN10-_8XN7gQa/DSC06026.jpg]
[images.squarespace-cdn.com/content/v1/5960376d46c3c4413a513e7c/1526423694900-ZPUF2H9TWDY21T7B57KJ/ke17ZwdGBToddI8pDm48kCX-V5vw-8h9IBXN10-_8XN7gQa/DSC06157.jpg]
[images.squarespace-cdn.com/content/v1/5960376d46c3c4413a513e7c/1522712603867-Y27UDB5MVEC9JYAED501/ke17ZwdGBToddI8pDm48kCX-V5vw-8h9IBXN10-_8XN7gQa/DSC06066.jpg]
[images.squarespace-cdn.com/content/v1/5960376d46c3c4413a513e7c/1526423645024-GT7BTJEP2WYF2F6382KZ/ke17ZwdGBToddI8pDm48kCX-V5vw-8h9IBXN10-_8XN7gQa/DSC06114.jpg]
[images.squarespace-cdn.com/content/v1/5960376d46c3c4413a513e7c/1526429114035-H14E0Z1ZA09MCWJJ8CXG/ke17ZwdGBToddI8pDm48kI47emSQbmxuCxKK5iw_WB9Zw-z/Screen+Shot+2018-05-15+at+5.02.37+PM.png]
[images.squarespace-cdn.com/content/v1/5960376d46c3c4413a513e7c/1526429119049-LDZ2H4P6O9BKRIRCICUE/ke17ZwdGBToddI8pDm48kCdlpJ3CPYKssWUleVqTlqNZw-z/Screen+Shot+2018-05-15+at+5.02.18+PM.png]
[images.squarespace-cdn.com/content/v1/5960376d46c3c4413a513e7c/1526492564741-RH6EFSTLF52BCPGGQ5D2/ke17ZwdGBToddI8pDm48kCX-V5vw-8h9IBXN10-_8XN7gQa/DSC04912.jpg]
[images.squarespace-cdn.com/content/v1/5960376d46c3c4413a513e7c/1515302498216-VNG3SZ6SABBZQGPG5LK1/ke17ZwdGBToddI8pDm48kIa590iex8lSe6ItAf9QFgZ7gQa/KBOO_flyers_032.jpg]
[images.squarespace-cdn.com/content/v1/5960376d46c3c4413a513e7c/1526534576502-DVX1BR6BOGD5ADSJQZ0P/ke17ZwdGBToddI8pDm48kKmw982fUOZVIQXHUCR1F55Zw-z/IMG_3971.jpg]
[images.squarespace-cdn.com/content/v1/5960376d46c3c4413a513e7c/1526534547571-GBBERYFII3THBMM7VPSC/ke17ZwdGBToddI8pDm48kKmw982fUOZVIQXHUCR1F55Zw-z/IMG_3944.jpg]
[kbooradio.squarespace.com/photo-archive.html]
[images.squarespace-cdn.com/content/v1/5960376d46c3c4413a513e7c/1526534557734-3Z3X41GHR15I4JS8IRN4/ke17ZwdGBToddI8pDm48kKmw982fUOZVIQXHUCR1F55Zw-z/IMG_3953.jpg]
[kbooradio.squarespace.com/archive.html]
[static1.squarespace.com/static/5960376d46c3c4413a513e7c/t/5a591a8dec212de67afc2956/1515788981588/50YearsOfKBOO_exhibit+catalog.pdf]
[kbooradio.squarespace.com/tour-collection/station-1.html]
[kbooradio.squarespace.com/tour-collection/station-2.html]
[kbooradio.squarespace.com/tour-collection/station-3-byx5l.html]
[kbooradio.squarespace.com/tour-collection/station-3-98psy.html]
[kbooradio.squarespace.com/tour-collection/station-3-nddd8.html]
[kbooradio.squarespace.com/tour-collection/station-3-f298m.html]
[kbooradio.squarespace.com/tour-collection/station-3-bktw7.html]
[kbooradio.squarespace.com/tour-collection/station-3-bktcp.html]
[kbooradio.squarespace.com/tour-collection/station-3-h39dc.html]
[kbooradio.squarespace.com/tour-collection/station-3-ypx2c.html]
[kbooradio.squarespace.com/tour-collection/station-3-49sch.html]
[kbooradio.squarespace.com/tour-collection/station-3-h7lzh.html]
[kbooradio.squarespace.com/tour-collection/station-3-fe2se.html]
[kbooradio.squarespace.com/tour-collection/station-3-fe2se-lasyn.html]
[kbooradio.squarespace.com/tour-collection/station-3-fe2se-lasyn-h7eyx.html]
[kbooradio.squarespace.com/exhibit.html]
[kbooradio.squarespace.com/merchandise.html]
[kbooradio.squarespace.com/tour-collection/station-3.html]
[images.squarespace-cdn.com/content/v1/5960376d46c3c4413a513e7c/1516343091408-SBGKZ6QCF545C74MWZG1/ke17ZwdGBToddI8pDm48kHFg3lwAxHvaI5rSscPgwO17gQa/KBOO+50th+worksheet_brief.jpg]
[kbooradio.squarespace.com/for-educators.html]
[www.50yearsofkboo.fm/search.html]
[images.squarespace-cdn.com/content/v1/5960376d46c3c4413a513e7c/1516343160386-1BJ8DROWG33WUXITEMA3/ke17ZwdGBToddI8pDm48kHFg3lwAxHvaI5rSscPgwO17gQa/KBOO+50th+worksheet_short+answer.jpg]
[www.50yearsofkboo.fm/events/latinx-pea-amp-open-house-kboo-50th-anniversary.html]
[www.50yearsofkboo.fm/events/latinx-pea-amp-open-house-kboo-50th-anniversaryd859]
[www.50yearsofkboo.fm/events/open-house-honoring-kboo-native-programmers-staff-and-volunteers.html]
[www.50yearsofkboo.fm/events/open-house-honoring-kboo-native-programmers-staff-and-volunteersd859]
[www.50yearsofkboo.fm/events/test-3.html]
[www.50yearsofkboo.fm/events/test-3d859]
[www.50yearsofkboo.fm/events/open-house-honoring-kboo-women-programmers-staff-and-volunteers.html]
[www.50yearsofkboo.fm/events/open-house-honoring-kboo-women-programmers-staff-and-volunteersd859]
[www.50yearsofkboo.fm/events/test-2.html]
[www.50yearsofkboo.fm/events/test-2d859]
[www.50yearsofkboo.fm/events/open-house-honoring-kboo-founders.html]
[www.50yearsofkboo.fm/events/open-house-honoring-kboo-foundersd859]
[www.50yearsofkboo.fm/events/kboo-pickin-ppreciation-party-a-bluegrass-breakfast-fundraiser-featuring-music-from-the-true-vine.html]
[www.50yearsofkboo.fm/events/kboo-pickin-ppreciation-party-a-bluegrass-breakfast-fundraiser-featuring-music-from-the-true-vined859]
[www.50yearsofkboo.fm/events/black-kboo.html]
[www.50yearsofkboo.fm/events/black-kbood859]
[www.50yearsofkboo.fm/events/kboo-open-house-1.html]
[www.50yearsofkboo.fm/events/kboo-open-house-1d859]
[www.50yearsofkboo.fm/events/test-1.html]
[www.50yearsofkboo.fm/events.html]
[www.50yearsofkboo.fm/events/test-1d859]
[www.50yearsofkboo.fm/about.html]
[www.50yearsofkboo.fm/staff.html]
[www.50yearsofkboo.fm/photo-archive.html]
[www.50yearsofkboo.fm/archive.html]
[www.50yearsofkboo.fm/kboo-stories-project.html]
[www.50yearsofkboo.fm/tour-collection/station-1.html]
[www.50yearsofkboo.fm/tour-collection/station-2.html]
[www.50yearsofkboo.fm/tour-collection/station-3-byx5l.html]
[www.50yearsofkboo.fm/tour-collection/station-3-98psy.html]
[www.50yearsofkboo.fm/tour-collection/station-3-nddd8.html]
[www.50yearsofkboo.fm/tour-collection/station-3-f298m.html]
[www.50yearsofkboo.fm/tour-collection/station-3-bktw7.html]
[www.50yearsofkboo.fm/tour-collection/station-3-bktcp.html]
[www.50yearsofkboo.fm/tour-collection/station-3-h39dc.html]
[www.50yearsofkboo.fm/tour-collection/station-3-ypx2c.html]
[www.50yearsofkboo.fm/tour-collection/station-3-49sch.html]
[www.50yearsofkboo.fm/tour-collection/station-3-h7lzh.html]
[www.50yearsofkboo.fm/tour-collection/station-3-fe2se.html]
[www.50yearsofkboo.fm/tour-collection/station-3-fe2se-lasyn.html]
[www.50yearsofkboo.fm/tour-collection/station-3-fe2se-lasyn-h7eyx.html]
[www.50yearsofkboo.fm/exhibit.html]
[www.50yearsofkboo.fm/merchandise.html]
[www.50yearsofkboo.fm/for-educators.html]
[www.50yearsofkboo.fm/tour-collection/station-3.html]
[kbooradio.squarespace.com/events/latinx-pea-amp-open-house-kboo-50th-anniversary.html]
[images.squarespace-cdn.com/content/5960376d46c3c4413a513e7c/1543473752235-T9BD3C5RKXVDOPQ4AFCB/46473260_10156562188710767_5016434794280517632_oee8a.jpg]
[kbooradio.squarespace.com/events/open-house-honoring-kboo-native-programmers-staff-and-volunteers.html]
[images.squarespace-cdn.com/content/5960376d46c3c4413a513e7c/1531204204608-00OPSX1U5QLWFN5R98YP/kboo50_facebook_shared_images2acd.png]
[kbooradio.squarespace.com/events/test-3.html]
[kbooradio.squarespace.com/events/open-house-honoring-kboo-women-programmers-staff-and-volunteers.html]
[kbooradio.squarespace.com/events/test-2.html]
[kbooradio.squarespace.com/events/open-house-honoring-kboo-founders.html]
[images.squarespace-cdn.com/content/v1/5960376d46c3c4413a513e7c/1531204204608-00OPSX1U5QLWFN5R98YP/ke17ZwdGBToddI8pDm48kJmbgvInuED001Op1tqzj5V7gQa/kboo50_facebook_shared_images.png]
[images.squarespace-cdn.com/content/5960376d46c3c4413a513e7c/1524169834660-0SOP7RZGES2XPMBXGCUE/Pickin+Party_small5d45.png]
[kbooradio.squarespace.com/events/kboo-pickin-ppreciation-party-a-bluegrass-breakfast-fundraiser-featuring-music-from-the-true-vine.html]
[kbooradio.squarespace.com/events/black-kboo.html]
[kbooradio.squarespace.com/events/kboo-open-house-1.html]
[kbooradio.squarespace.com/events/test-1.html]
[images.squarespace-cdn.com/content/5960376d46c3c4413a513e7c/1515700384469-1GNH5QMA3PJWJC3K1H95/Livingstoneee8a.jpg]
[www.50yearsofkboo.fm/tour-collectiona409]
[static1.squarespace.com/static/5960376d46c3c4413a513e7c/t/5a528f46419202e324444379/1611603093983/1_+DelphineCriscenzo.mp3/original/1_+DelphineCriscenzo.mp3]
[static1.squarespace.com/static/5960376d46c3c4413a513e7c/t/5a57c1ce419202b169b9aa23/1611603093986/MILAM+ONE+_+Radio+is+dangerous.mp3/original/MILAM+ONE+_+Radio+is+dangerous.mp3]
[images.squarespace-cdn.com/content/v1/5960376d46c3c4413a513e7c/1515700384469-1GNH5QMA3PJWJC3K1H95/ke17ZwdGBToddI8pDm48kFsvUA5a8hXB4saQA-7ODL1Zw-z/Livingstone.jpg]
[images.squarespace-cdn.com/content/v1/5960376d46c3c4413a513e7c/1515699615262-4VFESMLC1TCXK3PP9P5G/ke17ZwdGBToddI8pDm48kAfAA09Gk9CcQc_vVrHPnFV7gQa/MilamKRAB1b.jpg]
[kbooradio.squarespace.com/tour-collectionbc08.html]
[kbooradio.squarespace.com/tour-collection/station-1.html]
[images.squarespace-cdn.com/content/5960376d46c3c4413a513e7c/1514847286707-U1QTHBNFHCMN3UB490QB/KBOO_Belmont+location_croppedee8a.jpg]
[static1.squarespace.com/static/5960376d46c3c4413a513e7c/t/5a4693a7ec212ddd08a58c65/1611603093948/De+Greef-Charles-Excerpt.mp3/original/De+Greef-Charles-Excerpt.mp3]
[static1.squarespace.com/static/5960376d46c3c4413a513e7c/t/5a469534652deacfab97f282/1611603093951/Solomon-Normon-Excerpt.mp3/original/Solomon-Normon-Excerpt.mp3]
[static1.squarespace.com/static/5960376d46c3c4413a513e7c/t/5a46942a41920273ab3e43b1/1611603093954/Wendt-Tom-Excerpt.mp3/original/Wendt-Tom-Excerpt.mp3]
[static1.squarespace.com/static/5960376d46c3c4413a513e7c/t/5a4694e1ec212ddd08a5c563/1611603093958/Bernstein-Barbara-Excerpt.mp3/original/Bernstein-Barbara-Excerpt.mp3]
[static1.squarespace.com/static/5960376d46c3c4413a513e7c/t/5a4695a78165f54918832a53/1611603093961/Jacobson-Brooke-Excerpt.mp3/original/Jacobson-Brooke-Excerpt.mp3]
[static1.squarespace.com/static/5960376d46c3c4413a513e7c/t/5a4696218165f5491883415d/1611603093964/Potkin-Jonathan-Excerpt.mp3/original/Potkin-Jonathan-Excerpt.mp3]
[static1.squarespace.com/static/5960376d46c3c4413a513e7c/t/5a469505e4966b19e3c08650/1611603093975/Gundle-Barbara-Excerpt.mp3/original/Gundle-Barbara-Excerpt.mp3]
[static1.squarespace.com/static/5960376d46c3c4413a513e7c/t/5a5597d50d92974f913b34d0/1611603093978/Board+TWO+the+early+days.mp3/original/Board+TWO+the+early+days.mp3]
[images.squarespace-cdn.com/content/v1/5960376d46c3c4413a513e7c/1514847286707-U1QTHBNFHCMN3UB490QB/ke17ZwdGBToddI8pDm48kJcCubG2uIUZ0yt9gC2h60ZZw-z/KBOO_Belmont+location_cropped.jpg]
[kbooradio.squarespace.com/tour-collection/station-2.html]
[kbooradio.squarespace.com/tour-collection56a2.html]
[images.squarespace-cdn.com/content/5960376d46c3c4413a513e7c/1514844356607-IAQFJM5G208D8WXZ0WX7/KBOO_bw_photos_album1_029_Downsized43a3.jpg]
[static1.squarespace.com/static/5960376d46c3c4413a513e7c/t/5a46a01be4966b19e3c283ee/1611603094047/Mitchell-Rick-Excerpt2.mp3/original/Mitchell-Rick-Excerpt2.mp3]
[static1.squarespace.com/static/5960376d46c3c4413a513e7c/t/5a469fdd9140b7ea14c0217a/1611603094051/Hockett-Wade-Excerpt.mp3/original/Hockett-Wade-Excerpt.mp3]
[static1.squarespace.com/static/5960376d46c3c4413a513e7c/t/5a46a05871c10bd7b3f24542/1611603094054/Parsons-Stephen-Excerpt.mp3/original/Parsons-Stephen-Excerpt.mp3]
[static1.squarespace.com/static/5960376d46c3c4413a513e7c/t/5a46a49c41920273ab413137/1611603094061/Fagereng-Per-Excerpt.mp3/original/Fagereng-Per-Excerpt.mp3]
[static1.squarespace.com/static/5960376d46c3c4413a513e7c/t/5a55985ac8302598d18d93f8/1611603094064/9_+Interlude+Archival+Audio+1968-1978.mp3/original/9_+Interlude+Archival+Audio+1968-1978.mp3]
[static1.squarespace.com/static/5960376d46c3c4413a513e7c/t/5a46cc058165f549188c9036/1611603094068/Coulson-Ralph-Excerpt2.mp3/original/Coulson-Ralph-Excerpt2.mp3]
[kbooradio.squarespace.com/tour-collection/station-3-byx5l.html]
[images.squarespace-cdn.com/content/v1/5960376d46c3c4413a513e7c/1514844356607-IAQFJM5G208D8WXZ0WX7/ke17ZwdGBToddI8pDm48kLmC10aoKC-VfMVPeayyE1h7gQa/KBOO_bw_photos_album1_029_Downsized.jpg]
[images.squarespace-cdn.com/content/5960376d46c3c4413a513e7c/1514847791877-LG3QJKBRV0O3ANXLAT0L/KBOO_photos_album3_105-143a3.jpg]
[static1.squarespace.com/static/5960376d46c3c4413a513e7c/t/5a46a6ddc83025f8444773f8/1611603093993/Haamid-Shaheed-Excerpt2.mp3/original/Haamid-Shaheed-Excerpt2.mp3]
[static1.squarespace.com/static/5960376d46c3c4413a513e7c/t/5a46a60124a694278eb08829/1611603093997/Stoppiello-Victoria-Excerpt2.mp3/original/Stoppiello-Victoria-Excerpt2.mp3]
[static1.squarespace.com/static/5960376d46c3c4413a513e7c/t/5a5299a80d9297f9a59ec176/1611603094000/Resnick-Bill-Excerpt.mp3/original/Resnick-Bill-Excerpt.mp3]
[static1.squarespace.com/static/5960376d46c3c4413a513e7c/t/5a559920c8302598d18dad93/1611603094006/NEW+CLIP+BOARD+4.mp3/original/NEW+CLIP+BOARD+4.mp3]
[kbooradio.squarespace.com/tour-collection/station-3-98psy.html]
[images.squarespace-cdn.com/content/v1/5960376d46c3c4413a513e7c/1514847791877-LG3QJKBRV0O3ANXLAT0L/ke17ZwdGBToddI8pDm48kDROHI3knNikWt259p5xjYp7gQa/KBOO_photos_album3_105-1.jpg]
[images.squarespace-cdn.com/content/5960376d46c3c4413a513e7c/1514848037506-29K5036HSV6MW0B7Y0VV/KBOO_bw_photos_album1_13243a3.jpg]
[static1.squarespace.com/static/5960376d46c3c4413a513e7c/t/5a559a10e2c483133c56ea14/1611603094009/Uris-Joe-Excerpt.mp3/original/Uris-Joe-Excerpt.mp3]
[static1.squarespace.com/static/5960376d46c3c4413a513e7c/t/5a58fb129140b75f870e9c7d/1611603094013/1980s_+George+Page+.mp3/original/1980s_+George+Page+.mp3]
[images.squarespace-cdn.com/content/v1/5960376d46c3c4413a513e7c/1514848037506-29K5036HSV6MW0B7Y0VV/ke17ZwdGBToddI8pDm48kFwES5gcLely-LKpTanW59l7gQa/KBOO_bw_photos_album1_132.jpg]
[kbooradio.squarespace.com/tour-collection/station-3-nddd8.html]
[images.squarespace-cdn.com/content/5960376d46c3c4413a513e7c/1515535788748-LNET814WVCVT28G85ODC/KBOO_photo_album2_019_croppedee8a.jpg]
[static1.squarespace.com/static/5960376d46c3c4413a513e7c/t/5a559a70e4966b9db4720ec1/1611603094016/15_+Interlude+Archival+Audio+1978-1988.mp3/original/15_+Interlude+Archival+Audio+1978-1988.mp3]
[kbooradio.squarespace.com/tour-collection/station-3-f298m.html]
[images.squarespace-cdn.com/content/v1/5960376d46c3c4413a513e7c/1515535788748-LNET814WVCVT28G85ODC/ke17ZwdGBToddI8pDm48kCcXzeGFtKFmJSh9uAcmRSZZw-z/KBOO_photo_album2_019_cropped.jpg]
[images.squarespace-cdn.com/content/5960376d46c3c4413a513e7c/1514848542673-G903H3LDKR68GKL69LPQ/KBOO_flyers_00743a3.jpg]
[static1.squarespace.com/static/5960376d46c3c4413a513e7c/t/5a58fc3cec212d4b0f72f65d/1611603094020/Twenty+Somethings+Audio+FINAL.mp3/original/Twenty+Somethings+Audio+FINAL.mp3]
[kbooradio.squarespace.com/tour-collection/station-3-bktw7.html]
[images.squarespace-cdn.com/content/v1/5960376d46c3c4413a513e7c/1514848542673-G903H3LDKR68GKL69LPQ/ke17ZwdGBToddI8pDm48kKpTy5w_B4ErS0c5k4aOFHF7gQa/KBOO_flyers_007.jpg]
[images.squarespace-cdn.com/content/5960376d46c3c4413a513e7c/1514944317282-FSKEYK21T9COUHOAWUZ1/KBOO_posters_061-page-00143a3.jpg]
[static1.squarespace.com/static/5960376d46c3c4413a513e7c/t/5a559b0ec8302598d18dece4/1611603094023/20_+Interlude+Archival+Audio+1988-1998.mp3/original/20_+Interlude+Archival+Audio+1988-1998.mp3]
[kbooradio.squarespace.com/tour-collection/station-3-bktcp.html]
[images.squarespace-cdn.com/content/v1/5960376d46c3c4413a513e7c/1514944317282-FSKEYK21T9COUHOAWUZ1/ke17ZwdGBToddI8pDm48kHTjdXaoHj2XBS1xQ9Jx_M57gQa/KBOO_posters_061-page-001.jpg]
[images.squarespace-cdn.com/content/5960376d46c3c4413a513e7c/1514849785681-3R6ME8V2HFY2TGSQ72R4/KBOO_posters_026_RevolutionGirlStyle_rotated-page-001ee8a.jpg]
[kbooradio.squarespace.com/tour-collection/station-3-h39dc.html]
[static1.squarespace.com/static/5960376d46c3c4413a513e7c/t/5a559b61c8302598d18df715/1611603094026/24_+Interlude+Archival+Audio+1998-2008.mp3/original/24_+Interlude+Archival+Audio+1998-2008.mp3]
[images.squarespace-cdn.com/content/5960376d46c3c4413a513e7c/1514941507808-PU1T1DJCA670H8MQ7OT9/KBOO_Posters_OS_Dada_front_200_vertical43a3.jpg]
[static1.squarespace.com/static/5960376d46c3c4413a513e7c/t/5a5297338165f5deaa80cc06/1611603094032/26_+Interlude+Archival+Audio+2008-2018.mp3/original/26_+Interlude+Archival+Audio+2008-2018.mp3]
[kbooradio.squarespace.com/tour-collection/station-3-ypx2c.html]
[images.squarespace-cdn.com/content/v1/5960376d46c3c4413a513e7c/1514941507808-PU1T1DJCA670H8MQ7OT9/ke17ZwdGBToddI8pDm48kKNDOLXsTtpJupaQ-gXqF-Z7gQa/KBOO_Posters_OS_Dada_front_200_vertical.jpg]
[images.squarespace-cdn.com/content/5960376d46c3c4413a513e7c/1514942129843-3FWJ9LK0L8F20K4LCQGW/IMG_246543a3.jpg]
[static1.squarespace.com/static/5960376d46c3c4413a513e7c/t/5a57cf4724a694f00f645918/1611603094036/What+About+Now_+FINAL.mp3/original/What+About+Now_+FINAL.mp3]
[kbooradio.squarespace.com/tour-collection/station-3-49sch.html]
[images.squarespace-cdn.com/content/v1/5960376d46c3c4413a513e7c/1514942129843-3FWJ9LK0L8F20K4LCQGW/ke17ZwdGBToddI8pDm48kDHPSfPanjkWqhH6pl6g5ph7gQa/IMG_2465.jpg]
[images.squarespace-cdn.com/content/5960376d46c3c4413a513e7c/1515360894325-40LAC5PEU8BUO1N59NT0/Collins+transmitteree8a.jpg]
[static1.squarespace.com/static/5960376d46c3c4413a513e7c/t/5a52900e652dea46dbe09efe/1611603094043/2_+Collins+Transmitter.mp3/original/2_+Collins+Transmitter.mp3]
[kbooradio.squarespace.com/tour-collection/station-3-h7lzh.html]
[images.squarespace-cdn.com/content/v1/5960376d46c3c4413a513e7c/1515360894325-40LAC5PEU8BUO1N59NT0/ke17ZwdGBToddI8pDm48kFnuGyWguZ9jOegw7E0xWrlZw-z/Collins+transmitter.jpg]
[images.squarespace-cdn.com/content/5960376d46c3c4413a513e7c/1515308192701-MRM75XPQX4WG53L4CZDS/KBOO_photos_album3_045+copy43a3.jpg]
[static1.squarespace.com/static/5960376d46c3c4413a513e7c/t/5a5292dce4966ba79a17608f/1611603094040/3_+Turkey+Board.mp3/original/3_+Turkey+Board.mp3]
[kbooradio.squarespace.com/tour-collection/station-3-fe2se.html]
[images.squarespace-cdn.com/content/v1/5960376d46c3c4413a513e7c/1515308192701-MRM75XPQX4WG53L4CZDS/ke17ZwdGBToddI8pDm48kFWbfvKoGaFShhMcKfsq37t7gQa/KBOO_photos_album3_045+copy.jpg]
[images.squarespace-cdn.com/content/5960376d46c3c4413a513e7c/1515536443185-GMFFCUVDK2WEFQZKIP0I/website_exhibit-walk-thru-page-photos_Dawn_mediumee8a.jpg]
[kbooradio.squarespace.com/tour-collection/station-3-fe2se-lasyn.html]
[static1.squarespace.com/static/5960376d46c3c4413a513e7c/t/5a529822c830256b61a7fd98/1611603094071/25_+Erin+Yanke.mp3/original/25_+Erin+Yanke.mp3]
[images.squarespace-cdn.com/content/5960376d46c3c4413a513e7c/1514945365953-OA8LVRSPB9BK6ZGK9E7W/KBOO_photos_album2_05343a3.jpg]
[static1.squarespace.com/static/5960376d46c3c4413a513e7c/t/5a52985f419202e32445e8e9/1611603094074/27_+Becky+Meiers.mp3/original/27_+Becky+Meiers.mp3]
[kbooradio.squarespace.com/tour-collection/station-3-fe2se-lasyn-h7eyx.html]
[images.squarespace-cdn.com/content/v1/5960376d46c3c4413a513e7c/1514945365953-OA8LVRSPB9BK6ZGK9E7W/ke17ZwdGBToddI8pDm48kO0pLjCUn3hwRy8YTlc215N7gQa/KBOO_photos_album2_053.jpg]
[images.squarespace-cdn.com/content/5960376d46c3c4413a513e7c/1514841949624-F6VQXMWXY237ANO8NLOQ/OCT-logo-miles-1-greyscaleee8a.jpg]
[images.squarespace-cdn.com/content/v1/5960376d46c3c4413a513e7c/1514841949624-F6VQXMWXY237ANO8NLOQ/ke17ZwdGBToddI8pDm48kC1PpSJBDb0R5jGgzn13ftdZw-z/OCT-logo-miles-1-greyscale.jpg]
[kbooradio.squarespace.com/tour-collection/station-3.html]
[www.50yearsofkboo.fm/events/latinx-pea-amp-open-house-kboo-50th-anniversary.html]
[www.50yearsofkboo.fm/events/open-house-honoring-kboo-native-programmers-staff-and-volunteers.html]
[www.50yearsofkboo.fm/events/test-3.html]
[www.50yearsofkboo.fm/events/open-house-honoring-kboo-women-programmers-staff-and-volunteers.html]
[www.50yearsofkboo.fm/events/test-2.html]
[images.squarespace-cdn.com/content/v1/5960376d46c3c4413a513e7c/1514843223037-6NX0CQO797LDV7A7IDNB/ke17ZwdGBToddI8pDm48kE9VAtT5yRYgZwBIF6idhsAUqsx/MILLER_logo-FINAL-1.jpg]
[www.50yearsofkboo.fm/events/open-house-honoring-kboo-founders.html]
[www.50yearsofkboo.fm/events/kboo-pickin-ppreciation-party-a-bluegrass-breakfast-fundraiser-featuring-music-from-the-true-vine.html]
[www.50yearsofkboo.fm/events/black-kboo.html]
[www.50yearsofkboo.fm/events/kboo-open-house-1.html]
[www.50yearsofkboo.fm/events/test-1.html]
[www.50yearsofkboo.fm/staff.html]
[images.squarespace-cdn.com/content/v1/5960376d46c3c4413a513e7c/1526075931875-9T3PN27SU7EA0GH9WDI3/ke17ZwdGBToddI8pDm48kDHPSfPanjkWqhH6pl6g5ph7gQa/Michael-Vance-Photo-4.jpg]
[images.squarespace-cdn.com/content/v1/5960376d46c3c4413a513e7c/1519250814738-LC9RUUK05GJ6CCGOKMWN/ke17ZwdGBToddI8pDm48kKmw982fUOZVIQXHUCR1F55Zw-z/Photo-Barbara-Bernstein-current-in-snow.jpg]
[static1.squarespace.com/static/5960376d46c3c4413a513e7c/t/5aa2e0620d9297089850e4d7/1611603209372/Bernstein-Interview-Compressed-112.mp3/original/Bernstein-Interview-Compressed-112.mp3]
[images.squarespace-cdn.com/content/v1/5960376d46c3c4413a513e7c/1520400672310-ETHV046PL1YNKAEYF5N6/ke17ZwdGBToddI8pDm48kH2ZvzDVoda8KBe6-8lYvyJZw-z/Screen+Shot+2018-03-06+at+9.27.03+PM.png]
[static1.squarespace.com/static/5960376d46c3c4413a513e7c/t/5aa2e3fe085229a3b4b56752/1611603209375/Burdick-Interview-Compressed-112-1.mp3/original/Burdick-Interview-Compressed-112-1.mp3]
[images.squarespace-cdn.com/content/v1/5960376d46c3c4413a513e7c/1519245922565-WVGET3WLTATEY62I0N0J/ke17ZwdGBToddI8pDm48kDHPSfPanjkWqhH6pl6g5ph7gQa/Photo-Ralph-Coulson.jpg]
[static1.squarespace.com/static/5960376d46c3c4413a513e7c/t/5aa2dca2419202d9ce3f6238/1611603209379/Coulson-Interview-Compressed-112.mp3/original/Coulson-Interview-Compressed-112.mp3]
[images.squarespace-cdn.com/content/v1/5960376d46c3c4413a513e7c/1533933983565-EQ2ULB9KBOO11J7B1YDN/ke17ZwdGBToddI8pDm48kDAv91l_EVpAtt3T82Wm1m9Zw-z/Ben-Dawson-Image-4.jpg]
[static1.squarespace.com/static/5960376d46c3c4413a513e7c/t/5b6dfc10cd83669b2c458b0a/1611603209383/Dawson-Interview-Compressed-112.mp3/original/Dawson-Interview-Compressed-112.mp3]
[images.squarespace-cdn.com/content/v1/5960376d46c3c4413a513e7c/1519246132822-07LAL7BXU48APCLG7WWI/ke17ZwdGBToddI8pDm48kAkfEkIKb2LpKnM3g8ufMJNZw-z/Photo-Charles-de-Greef.jpg]
[static1.squarespace.com/static/5960376d46c3c4413a513e7c/t/5aa2eb58ec212d78ceb9a884/1611603209387/De+Greef-Interview-Compressed-112.mp3/original/De+Greef-Interview-Compressed-112.mp3]
[images.squarespace-cdn.com/content/v1/5960376d46c3c4413a513e7c/1533935087736-DLO2CLWKGUGWL20LA0K3/ke17ZwdGBToddI8pDm48kJtS0U__hDOQGo8NzUYgLSJZw-z/Photo-Susan-Dobroff.jpg]
[static1.squarespace.com/static/5960376d46c3c4413a513e7c/t/5b6e00ad21c67c70eca82c8c/1611603209390/Dobroff-Interview-Compressed-112.mp3/original/Dobroff-Interview-Compressed-112.mp3]
[images.squarespace-cdn.com/content/v1/5960376d46c3c4413a513e7c/1519322248764-NW8QX7B9WT5IFV3FF609/ke17ZwdGBToddI8pDm48kANkTPoroWaO6FLD8CAtEktZw-z/Per-Fagereng.jpg]
[static1.squarespace.com/static/5960376d46c3c4413a513e7c/t/5aa32ca824a694a8408a7adf/1611603209393/Fagereng-Interview-Compressed-112.mp3/original/Fagereng-Interview-Compressed-112.mp3]
[images.squarespace-cdn.com/content/v1/5960376d46c3c4413a513e7c/1519246298484-DJL2Z8MYZ9II4GO90EI7/ke17ZwdGBToddI8pDm48kDHPSfPanjkWqhH6pl6g5ph7gQa/Dale-Farr-pic1.jpg]
[static1.squarespace.com/static/5960376d46c3c4413a513e7c/t/5aa2eca60d929760ca5003b1/1611603209396/Farr-Interview-Compressed-112.mp3/original/Farr-Interview-Compressed-112.mp3]
[images.squarespace-cdn.com/content/v1/5960376d46c3c4413a513e7c/1519857731336-8MPO57PPB5F580MK92PL/ke17ZwdGBToddI8pDm48kKFSgRfI-Sz9DxycLJ1ZFSVZw-z/Gundle.jpg]
[static1.squarespace.com/static/5960376d46c3c4413a513e7c/t/5aa2ed2ce2c483373e47bcc2/1611603209408/Gundle-Interview-Compressed-112-1.mp3/original/Gundle-Interview-Compressed-112-1.mp3]
[images.squarespace-cdn.com/content/v1/5960376d46c3c4413a513e7c/1519249950478-EE5QT8CDWZ3G6RX1KLN8/ke17ZwdGBToddI8pDm48kDHPSfPanjkWqhH6pl6g5ph7gQa/Photo-Wade-Hockett.jpg]
[static1.squarespace.com/static/5960376d46c3c4413a513e7c/t/5aa2edcc8165f53266c8ba9c/1611603209411/Hockett-Interview-Compressed-112.mp3/original/Hockett-Interview-Compressed-112.mp3]
[images.squarespace-cdn.com/content/v1/5960376d46c3c4413a513e7c/1519668514435-5H9S8RL687NUFKO1MY9B/ke17ZwdGBToddI8pDm48kEzD4uNHZYDJ-SNCBroMLhpZw-z/B.Jacobsen.jpg]
[static1.squarespace.com/static/5960376d46c3c4413a513e7c/t/5aa2ee670d92978de3e422da/1611603209415/Jacobson-Interview-Compressed-112.mp3/original/Jacobson-Interview-Compressed-112.mp3]
[images.squarespace-cdn.com/content/v1/5960376d46c3c4413a513e7c/1522793378576-S3I12D6BPFW73GIK6T8G/ke17ZwdGBToddI8pDm48kDHPSfPanjkWqhH6pl6g5ph7gQa/Gordon-Keane-Photo2.jpg]
[static1.squarespace.com/static/5960376d46c3c4413a513e7c/t/5ac3fd8a1ae6cfde501c3c86/1611603209419/Keane-Interview-Compressed-112.mp3/original/Keane-Interview-Compressed-112.mp3]
[images.squarespace-cdn.com/content/v1/5960376d46c3c4413a513e7c/1527459098055-ENDV2YEKWWOAF7Z2Q24S/ke17ZwdGBToddI8pDm48kP0iYHaUX3OWSwGNfw0MtPhZw-z/Screen+Shot+2018-05-25+at+4.47.35+PM.png]
[static1.squarespace.com/static/5960376d46c3c4413a513e7c/t/5b08bb9a6d2a73781ce7514b/1611603209424/Kearsey-Interview-Compressed-112.mp3/original/Kearsey-Interview-Compressed-112.mp3]
[images.squarespace-cdn.com/content/v1/5960376d46c3c4413a513e7c/1523513152766-53JA9NQS66Y2X3VAYY9R/ke17ZwdGBToddI8pDm48kDHPSfPanjkWqhH6pl6g5ph7gQa/Maureen-Key.jpg]
[static1.squarespace.com/static/5960376d46c3c4413a513e7c/t/5acef78d2b6a28b29960e635/1611603209428/Key-Interview-Compressed-112.mp3/original/Key-Interview-Compressed-112.mp3]
[images.squarespace-cdn.com/content/v1/5960376d46c3c4413a513e7c/1519250066807-X7PBC5GXCLMYVZYJCC43/ke17ZwdGBToddI8pDm48kDHPSfPanjkWqhH6pl6g5ph7gQa/Steve-Law-Pic2.jpg]
[static1.squarespace.com/static/5960376d46c3c4413a513e7c/t/5aa2efb0ec212d78cebac587/1611603209431/Law-Interview-Compressed-112.mp3/original/Law-Interview-Compressed-112.mp3]
[images.squarespace-cdn.com/content/v1/5960376d46c3c4413a513e7c/1519251176406-9Q9NKPJ5CG11DZCMACI4/ke17ZwdGBToddI8pDm48kMqhBaoHfoeHbuY7y9tRyrpZw-z/Photo-Carol-Mazer.jpg]
[static1.squarespace.com/static/5960376d46c3c4413a513e7c/t/5aa55696085229361143f751/1611603209435/Mazer-Interview-Compressed-112.mp3/original/Mazer-Interview-Compressed-112.mp3]
[images.squarespace-cdn.com/content/v1/5960376d46c3c4413a513e7c/1519250151002-LMZNDQW2X5VN8TAYO0D7/ke17ZwdGBToddI8pDm48kDHPSfPanjkWqhH6pl6g5ph7gQa/Photo-Rick-Mitchell3.jpg]
[static1.squarespace.com/static/5960376d46c3c4413a513e7c/t/5aa557d20d92979ac96b23b8/1611603209439/Mitchell-R-Interview-Compressed-112.mp3/original/Mitchell-R-Interview-Compressed-112.mp3]
[images.squarespace-cdn.com/content/v1/5960376d46c3c4413a513e7c/1527458387003-MDAMQGAJ8HHK7Y86ANRU/ke17ZwdGBToddI8pDm48kBu80GKtfgYwiRN5KLS_hfVZw-z/Screen+Shot+2018-05-25+at+5.11.26+PM.png]
[images.squarespace-cdn.com/content/v1/5960376d46c3c4413a513e7c/1519322162644-DG6INA8QHBQRIXBZHWZB/ke17ZwdGBToddI8pDm48kLNScofkR4PynAgYoZIFLQ5Zw-z/Stephen+Parsons.jpg]
[static1.squarespace.com/static/5960376d46c3c4413a513e7c/t/5aa55909652dea7e55548694/1611603209445/Parsons-Interview-Compressed-112.mp3/original/Parsons-Interview-Compressed-112.mp3]
[images.squarespace-cdn.com/content/v1/5960376d46c3c4413a513e7c/1519250359895-R0UNX2MCOZ67V0UQPWCV/ke17ZwdGBToddI8pDm48kDHPSfPanjkWqhH6pl6g5ph7gQa/Photo-Jonathan-Potkin.jpg]
[static1.squarespace.com/static/5960376d46c3c4413a513e7c/t/5aa55dc4f9619ae04bdc9efd/1611603209449/Potkin-Interview-Compressed-112.mp3/original/Potkin-Interview-Compressed-112.mp3]
[images.squarespace-cdn.com/content/v1/5960376d46c3c4413a513e7c/1519668734409-7AGBTC1UWRERHGVDP9NW/ke17ZwdGBToddI8pDm48kNKU_v8gJAcxDrmB-soKvj1Zw-z/Bill-Reinhardt.jpg]
[images.squarespace-cdn.com/content/v1/5960376d46c3c4413a513e7c/1530742637424-LNQ1XJNOQ4UGZV31X9IE/ke17ZwdGBToddI8pDm48kDX0NNyM8XK4e8RCvb3txLVZw-z/Photo-Sheila+Rubin.jpg]
[static1.squarespace.com/static/5960376d46c3c4413a513e7c/t/5b3d4959575d1fd7a47b2639/1611603209456/Rubin-Interview-compreessed-112..mp3/original/Rubin-Interview-compreessed-112..mp3]
[images.squarespace-cdn.com/content/v1/5960376d46c3c4413a513e7c/1530741019894-ZMOZMTSWWHHAN0JXM1CV/ke17ZwdGBToddI8pDm48kDAv91l_EVpAtt3T82Wm1m9Zw-z/Seafeldt-2.jpg]
[static1.squarespace.com/static/5960376d46c3c4413a513e7c/t/5b3d445988251b5631b6e684/1611603209459/Seafeldt-Interview-compressed-112.mp3/original/Seafeldt-Interview-compressed-112.mp3]
[images.squarespace-cdn.com/content/v1/5960376d46c3c4413a513e7c/1519347548803-02CK2RYUUHT1CUJF0WVK/ke17ZwdGBToddI8pDm48kPzwVEzi8Cwh69JqOhu0h6B7gQa/IMG_0269.jpg]
[static1.squarespace.com/static/5960376d46c3c4413a513e7c/t/5aa55f74c8302542e9be375f/1611603209462/Shlaes-Interview-Compressed-112.mp3/original/Shlaes-Interview-Compressed-112.mp3]
[images.squarespace-cdn.com/content/v1/5960376d46c3c4413a513e7c/1519250476160-1AK93V9175SQ0ZRPKCX8/ke17ZwdGBToddI8pDm48kL6W0dDnrPUYs5rkyQNjfopZw-z/Photo-Norman-Solomon.jpg]
[static1.squarespace.com/static/5960376d46c3c4413a513e7c/t/5aa5633153450a41563bce37/1611603209466/Solomon-Interview-Compressed-112.mp3/original/Solomon-Interview-Compressed-112.mp3]
[images.squarespace-cdn.com/content/v1/5960376d46c3c4413a513e7c/1524708190129-I6HVSH54X02MINIMGMZP/ke17ZwdGBToddI8pDm48kO7Rg1Gpu728H4UqxUIfecJZw-z/Photo-Laurie-Sonnenfeld.jpg]
[static1.squarespace.com/static/5960376d46c3c4413a513e7c/t/5ae133e8352f530c1fddb6ba/1611603209469/Sonnenfeld-Interview.mp3/original/Sonnenfeld-Interview.mp3]
[images.squarespace-cdn.com/content/v1/5960376d46c3c4413a513e7c/1522794091451-BB34C5OIYXKVL35177G8/ke17ZwdGBToddI8pDm48kDHPSfPanjkWqhH6pl6g5ph7gQa/Anthony+Stopiello.jpg]
[static1.squarespace.com/static/5960376d46c3c4413a513e7c/t/5ac3feb22b6a28217e06049d/1611603209472/Stoppiello-A-Interview-Compressed-112.mp3/original/Stoppiello-A-Interview-Compressed-112.mp3]
[images.squarespace-cdn.com/content/v1/5960376d46c3c4413a513e7c/1519250612508-L0FEDLB51M99TZ7XK9DW/ke17ZwdGBToddI8pDm48kBpvc3j3WfKVyYzFpCjr6SRZw-z/Photo-Victoria-Stoppiello.jpg]
[images.squarespace-cdn.com/content/v1/5960376d46c3c4413a513e7c/1519250664570-B3CLWVT7IHRTYFSKKSA9/ke17ZwdGBToddI8pDm48kDHPSfPanjkWqhH6pl6g5ph7gQa/Joe+Uris.jpg]
[static1.squarespace.com/static/5960376d46c3c4413a513e7c/t/5aa565da71c10b34dde7ea93/1611603209479/Uris-Interview-Compressed-112.mp3/original/Uris-Interview-Compressed-112.mp3]
[images.squarespace-cdn.com/content/v1/5960376d46c3c4413a513e7c/1526076309977-B87ET528V0M3XJCXYHHJ/ke17ZwdGBToddI8pDm48kDHPSfPanjkWqhH6pl6g5ph7gQa/Michael-Vance-Photo-4.jpg]
[static1.squarespace.com/static/5960376d46c3c4413a513e7c/t/5af6148c88251bace4fb154f/1611603209482/Vance-Interview-Compessed-112.mp3/original/Vance-Interview-Compessed-112.mp3]
[images.squarespace-cdn.com/content/v1/5960376d46c3c4413a513e7c/1519325070415-0L778JOHK9MMCA18H452/ke17ZwdGBToddI8pDm48kDHPSfPanjkWqhH6pl6g5ph7gQa/Photo-Tom-Wendt-2.jpg]
[static1.squarespace.com/static/5960376d46c3c4413a513e7c/t/5aa566c9ec212d885de57c46/1611603209487/Wendt-Interview-Compressed-112.mp3/original/Wendt-Interview-Compressed-112.mp3]
[images.squarespace-cdn.com/content/v1/5960376d46c3c4413a513e7c/1522794602512-2X9JCNRG2RRNC08OWM5E/ke17ZwdGBToddI8pDm48kDHPSfPanjkWqhH6pl6g5ph7gQa/Bob-Bailey3.jpg]
[static1.squarespace.com/static/5960376d46c3c4413a513e7c/t/5ac4012c2b6a28217e067abf/1611603209490/Bailey-Interview-Compressed-112.mp3/original/Bailey-Interview-Compressed-112.mp3]
[images.squarespace-cdn.com/content/v1/5960376d46c3c4413a513e7c/1523512477284-9GTKTO449MHG3147FSMN/ke17ZwdGBToddI8pDm48kFNf9c6Piao9NYUknt4wTGlZw-z/Screen+Shot+2018-04-11+at+10.54.05+PM.png]
[static1.squarespace.com/static/5960376d46c3c4413a513e7c/t/5acef5200e2e7224ab1fff96/1611603209497/Carey-Interview-Compressed-112.mp3/original/Carey-Interview-Compressed-112.mp3]
[images.squarespace-cdn.com/content/v1/5960376d46c3c4413a513e7c/1519250874603-5AZADKEMWL436N3AFX7D/ke17ZwdGBToddI8pDm48kDHPSfPanjkWqhH6pl6g5ph7gQa/Photo-Shaheed-Haamid-2.jpg]
[static1.squarespace.com/static/5960376d46c3c4413a513e7c/t/5aa56848f9619ae04bde40f8/1611603209501/Haamid-Interview-Compressed-112(1).mp3/original/Haamid-Interview-Compressed-112(1).mp3]
[images.squarespace-cdn.com/content/v1/5960376d46c3c4413a513e7c/1527796775136-NTC84ZRGHTL9O0M2NDWK/ke17ZwdGBToddI8pDm48kJi0FeY5lDRYFHA5pY4SW6dZw-z/Screen+Shot+2018-05-29+at+3.03.49+PM.png]
[static1.squarespace.com/static/5960376d46c3c4413a513e7c/t/5b08b6e3aa4a990332c7b792/1611603209504/Haines-Interview-Compressed-112.mp3/original/Haines-Interview-Compressed-112.mp3]
[images.squarespace-cdn.com/content/v1/5960376d46c3c4413a513e7c/1520269868432-G1QK2TF267KLCVJEQGOZ/ke17ZwdGBToddI8pDm48kCRVPEuSPQGxx2inTh3NU_5Zw-z/Matsuyoshi.png]
[static1.squarespace.com/static/5960376d46c3c4413a513e7c/t/5aa5539a24a694a840c468a0/1611603209508/Matsuyoshi-Interview-Compressed-112.mp3/original/Matsuyoshi-Interview-Compressed-112.mp3]
[images.squarespace-cdn.com/content/v1/5960376d46c3c4413a513e7c/1527459942095-VIHTAXZN3041TFA0LWYX/ke17ZwdGBToddI8pDm48kBVjo459N0qbakmfSHoaL1xZw-z/Screen+Shot+2018-05-27+at+3.25.22+PM.png]
[static1.squarespace.com/static/5960376d46c3c4413a513e7c/t/5b08b4ea2b6a2888555f477c/1611603209513/Rashad-Interview-Compressed-112.mp3/original/Rashad-Interview-Compressed-112.mp3]
[images.squarespace-cdn.com/content/v1/5960376d46c3c4413a513e7c/1519250957486-6T0IGQFG2EAS0KZ2BNPO/ke17ZwdGBToddI8pDm48kBUDAxm-FLUF-OJf9moK1kV7gQa/Photo-Bill-Resnick.jpg]
[static1.squarespace.com/static/5960376d46c3c4413a513e7c/t/5aa568ba9140b73db6994d24/1611603209516/Resnick-Interview-Compressed-112(1).mp3/original/Resnick-Interview-Compressed-112(1).mp3]
[images.squarespace-cdn.com/content/v1/5960376d46c3c4413a513e7c/1520033312615-L6F50XWTC39VLJQO870S/ke17ZwdGBToddI8pDm48kBPw4N13dNaFqvN1wFuK0BxZw-z/Photo-Robyn-Shanti.jpg]
[static1.squarespace.com/static/5960376d46c3c4413a513e7c/t/5a99dcb14192027829151ea8/1611603209520/Shanti-Interview.mp3/original/Shanti-Interview.mp3]
[images.squarespace-cdn.com/content/v1/5960376d46c3c4413a513e7c/1519251015773-65VIBLON3AJKY6FC39FM/ke17ZwdGBToddI8pDm48kDHPSfPanjkWqhH6pl6g5ph7gQa/Photo-Henry-Weeks-2.jpg]
[static1.squarespace.com/static/5960376d46c3c4413a513e7c/t/5aa56a220d92979ac96de8bc/1611603209524/Weeks-Interview-Compressed-112(1).mp3/original/Weeks-Interview-Compressed-112(1).mp3]
[images.squarespace-cdn.com/content/v1/5960376d46c3c4413a513e7c/1519857960871-Q8JBW7TMNEJ4HQUWF86G/ke17ZwdGBToddI8pDm48kBZw6jF4_OvU-ddo_vwqGhp7gQa/Reggae+Bob.jpg]
[static1.squarespace.com/static/5960376d46c3c4413a513e7c/t/5aa56b1953450a41563d0f73/1611603209528/Reggae-Bob-OHS-Compressed-112.mp3/original/Reggae-Bob-OHS-Compressed-112.mp3]
[images.squarespace-cdn.com/content/v1/5960376d46c3c4413a513e7c/1523513749393-D0F559KP04VQTRFVQSL1/ke17ZwdGBToddI8pDm48kDHPSfPanjkWqhH6pl6g5ph7gQa/Black+Book+Talk+6.jpg]
[images.squarespace-cdn.com/content/v1/5960376d46c3c4413a513e7c/1520297252856-0UU6UWL5TPHU0TK3TRCF/ke17ZwdGBToddI8pDm48kDHPSfPanjkWqhH6pl6g5ph7gQa/Cecil+Chas+Prescod.jpg]
[www.50yearsofkboo.fm/kboo-stories-project.html]
[static1.squarespace.com/static/5960376d46c3c4413a513e7c/t/5aa56b9271c10b34dde8d337/1611603209535/Prescod-Interview-Compressed-112.mp3/original/Prescod-Interview-Compressed-112.mp3]
[www.50yearsofkboo.fm/tour-collectionbc08.html]
[www.50yearsofkboo.fm/tour-collection/station-1.html]
[www.50yearsofkboo.fm/tour-collection/station-2.html]
[www.50yearsofkboo.fm/tour-collection/station-3-byx5l.html]
[www.50yearsofkboo.fm/tour-collection/station-3-98psy.html]
[www.50yearsofkboo.fm/tour-collection/station-3-nddd8.html]
[www.50yearsofkboo.fm/tour-collection/station-3-f298m.html]
[www.50yearsofkboo.fm/tour-collection/station-3-bktw7.html]
[www.50yearsofkboo.fm/tour-collection/station-3-bktcp.html]
[www.50yearsofkboo.fm/tour-collection/station-3-h39dc.html]
[www.50yearsofkboo.fm/tour-collection/station-3-ypx2c.html]
[www.50yearsofkboo.fm/tour-collection/station-3-49sch.html]
[www.50yearsofkboo.fm/tour-collection/station-3-h7lzh.html]
[www.50yearsofkboo.fm/tour-collection/station-3-fe2se.html]
[www.50yearsofkboo.fm/tour-collection/station-3-fe2se-lasyn.html]
[www.50yearsofkboo.fm/tour-collection/station-3-fe2se-lasyn-h7eyx.html]
[www.50yearsofkboo.fm/tour-collection/station-3.html]
[fonts.googleapis.com/cssf19b]
[www.50yearsofkboo.fm/tour-collection56a2.html]
[kbooradio.squarespace.com/tour-collectionbc08.html]
[kbooradio.squarespace.com/tour-collection56a2.html]
[www.50yearsofkboo.fm/tour-collectionbc08.html]
[www.50yearsofkboo.fm/tour-collection56a2.html]
[www.50yearsofkboo.fm/tour-collection.html]
[www.50yearsofkboo.fm/tour-collection.html]
[www.50yearsofkboo.fm/homea409]
[images.squarespace-cdn.com/content/v1/5960376d46c3c4413a513e7c/1543473752235-T9BD3C5RKXVDOPQ4AFCB/ke17ZwdGBToddI8pDm48kFWX4nR-7o85PXW405b_YkYUqsx/46473260_10156562188710767_5016434794280517632_o.2b.dela]
[kbooradio.squarespace.com/events/latinx-pea-amp-open-house-kboo-50th-anniversaryd859]
[kbooradio.squarespace.com/events/open-house-honoring-kboo-native-programmers-staff-and-volunteersd859]
[kbooradio.squarespace.com/events/test-3d859]
[kbooradio.squarespace.com/events/open-house-honoring-kboo-women-programmers-staff-and-volunteersd859]
[kbooradio.squarespace.com/events/test-2d859]
[kbooradio.squarespace.com/events/open-house-honoring-kboo-foundersd859]
[kbooradio.squarespace.com/events/kboo-pickin-ppreciation-party-a-bluegrass-breakfast-fundraiser-featuring-music-from-the-true-vined859]
[kbooradio.squarespace.com/events/black-kbood859]
[kbooradio.squarespace.com/events/kboo-open-house-1d859]
[kbooradio.squarespace.com/events/test-1d859]
[www.50yearsofkboo.fm/abouta409]
[images.squarespace-cdn.com/content/v1/5960376d46c3c4413a513e7c/1515304803653-JTJHCOEW6MN6ZQ1FXXKS/ke17ZwdGBToddI8pDm48kCpBxJeUOEK1LPURTqTQktNZw-z/KBOO_Photographs_Slides+_Folder1_1980s_150+copy.44.delay]
[www.50yearsofkboo.fm/photo-archivea409]
[images.squarespace-cdn.com/content/v1/5960376d46c3c4413a513e7c/1515300547005-IKT24DV552IADA66FIAO/ke17ZwdGBToddI8pDm48kHFg3lwAxHvaI5rSscPgwO17gQa/KBOO_posters_026_RevolutionGirlStyle_rotated-page-001.56]
[images.squarespace-cdn.com/content/v1/5960376d46c3c4413a513e7c/1520975258045-HVWBOPX24VJC53IWFKPI/ke17ZwdGBToddI8pDm48kNA3rUfZMQ4kPtjGwfyR4XVZw-z/L22V_BQJRJPgAVVVBYB3sUiIUjoUwvnykC5sCPCMBdk,R1QEwVmBnddZ]
[images.squarespace-cdn.com/content/v1/5960376d46c3c4413a513e7c/1515303318354-OVR6YUTXMQI2L2N64LNK/ke17ZwdGBToddI8pDm48kIR75ncgFnH7d-azDdlUpOZ7gQa/KBOO_flyers_135.jpg]
[images.squarespace-cdn.com/content/v1/5960376d46c3c4413a513e7c/1520974979235-UMQ3UIMKNUI3OIEDKKYE/ke17ZwdGBToddI8pDm48kOuN-ceWfschJAPIKHnsQU0Uqsx/4lHtZj3LjtUS_-i_llp_pDbZLLQu8v1picGbjt7gdgY,uiRw619LLjrl]
[images.squarespace-cdn.com/content/v1/5960376d46c3c4413a513e7c/1520975010840-V7G2G4MV8BDXHG9FK2A5/ke17ZwdGBToddI8pDm48kCO0skhzQ6Qu5S8SNxcXKyQUqsx/8BQsToPGIMV4LZsOMGl9dN2ibI_2W1hcV2nmgRjtGbQ,cRTlEFiQT-Jo]
[images.squarespace-cdn.com/content/v1/5960376d46c3c4413a513e7c/1520975087433-3ESHMXWQRAMI9DQ9ETSF/ke17ZwdGBToddI8pDm48kFO8JStViOQa9m4RraeZxGcUqsx/b9Phe494k6DF8EW672wf2tcuNAdYRGePwstoXNJoawM,cmpdNbPhNmqZ]
[images.squarespace-cdn.com/content/v1/5960376d46c3c4413a513e7c/1520975136367-13A2Z7YUBQB30J4ZQBYH/ke17ZwdGBToddI8pDm48kJuyHpPiHLRx3C_Poj8W50hZw-z/c-D2LoD2FWWWsY1pSbQFfPCDEze_mD3fhIecO7P7xpU,P-0Ebossth0J]
[images.squarespace-cdn.com/content/v1/5960376d46c3c4413a513e7c/1520975191750-03LYWMOXDSV9OLSSX4TH/ke17ZwdGBToddI8pDm48kPGSPNJh50-TL3uQHTMJSfsUqsx/EqRO00JlH8Z-BXoZfd92vvidE7pXJlbBa3iOlNkAd_Y,ER8f_xNs87Hf]
[images.squarespace-cdn.com/content/v1/5960376d46c3c4413a513e7c/1520975198879-KGM7TJZNAMWNKO1BZCEE/ke17ZwdGBToddI8pDm48kMoJhduu8LstHjsRXyrb2asUqsx/iX7VsGaV0geo-6Wv2G8ZMvov-HIBa0dnMr1rwP-M_oU,tANoPzJ77IWP]
[images.squarespace-cdn.com/content/v1/5960376d46c3c4413a513e7c/1520975209235-JQX9NYGQAA390SQ88T0T/ke17ZwdGBToddI8pDm48kNXHv7KHjHY9VtxGlZVmLH4Uqsx/K6CFxwkCkb4li1_9noX3ELx-KSdipmekqrMdl6oHd1E,ExEabZfq40iZ]
[images.squarespace-cdn.com/content/v1/5960376d46c3c4413a513e7c/1520975250848-C2ULQS7Y2GRKPA679S27/ke17ZwdGBToddI8pDm48kPLKPj14TAUxRoPzh1FxlssUqsx/Kt62_5yfn5KZbqptwD6UMlh7sjRwWzaZt_YoH5mdzQY,BR7CoPnz0-TF]
[images.squarespace-cdn.com/content/v1/5960376d46c3c4413a513e7c/1520975264681-16PKONEL6INZKR6Z4FYP/ke17ZwdGBToddI8pDm48kLooq_4USdYmCO9P8PURFR9Zw-z/mwaTxSP9WBkYOG6Lm2pl5wM2ppTbxAncLXvx9kEk45M,LdcaKi3OGVLe]
[images.squarespace-cdn.com/content/v1/5960376d46c3c4413a513e7c/1520975340636-K7FMEPW1QQL0XESCO2EK/ke17ZwdGBToddI8pDm48kDEGbhBQLwX-HLiMk7RPdSNZw-z/x0CDbZ6QrXsoAGhFs5u07vm_gLy_FOjWeeCidL8fdcM,cMIPOcTbAoVI]
[images.squarespace-cdn.com/content/v1/5960376d46c3c4413a513e7c/1515306318450-9NUKLYRW39MNK1KVYM22/ke17ZwdGBToddI8pDm48kB8dL5VeC4E5iVOfwjZ_Tmh7gQa/KBOO_Posters_OS_Worlds_Largest_Guitar_Band_2003.e0.delay]
[www.50yearsofkboo.fm/events/latinx-pea-amp-open-house-kboo-50th-anniversaryd859]
[images.squarespace-cdn.com/content/v1/5960376d46c3c4413a513e7c/1526427555544-QIF0TNNG0IDG3RZWT1XA/ke17ZwdGBToddI8pDm48kCX-V5vw-8h9IBXN10-_8XN7gQa/DSC05060.jpg]
[static1.squarespace.com/static/5960376d46c3c4413a513e7c/t/5a591a8dec212de67afc2956/1515788981588/50YearsOfKBOO_exhibit+catalog.pdf]
[www.50yearsofkboo.fm/events/open-house-honoring-kboo-native-programmers-staff-and-volunteersd859]
[www.50yearsofkboo.fm/events/test-3d859]
[www.50yearsofkboo.fm/events/open-house-honoring-kboo-women-programmers-staff-and-volunteersd859]
[www.50yearsofkboo.fm/events/test-2d859]
[www.50yearsofkboo.fm/events/open-house-honoring-kboo-foundersd859]
[www.50yearsofkboo.fm/events/kboo-pickin-ppreciation-party-a-bluegrass-breakfast-fundraiser-featuring-music-from-the-true-vined859]
[www.50yearsofkboo.fm/events/black-kbood859]
[www.50yearsofkboo.fm/events/kboo-open-house-1d859]
[www.50yearsofkboo.fm/events/test-1d859]
[static1.squarespace.com/static/5960376d46c3c4413a513e7c/t/5a57c20ef9619a7a6ddf80b9/1611603093990/MILAM+TWO+_+working+some+magic+on+some+people.m/original/MILAM+TWO+_+working+some+magic+on+some+people.18]
[www.50yearsofkboo.fm/tour-collectiona409]
[static1.squarespace.com/static/5960376d46c3c4413a513e7c/t/5a46a0868165f54918851d68/1611603094057/Mazer-Carol-Excerpt-Tribute-to-George-Page.mp3/original/Mazer-Carol-Excerpt-Tribute-to-George-Page.196.de]
[images.squarespace-cdn.com/content/5960376d46c3c4413a513e7c/1524169834660-0SOP7RZGES2XPMBXGCUE/Pickin+Party_small5d45.png]
[images.squarespace-cdn.com/content/v1/5960376d46c3c4413a513e7c/1514849785681-3R6ME8V2HFY2TGSQ72R4/ke17ZwdGBToddI8pDm48kHFg3lwAxHvaI5rSscPgwO17gQa/KBOO_posters_026_RevolutionGirlStyle_rotated-page-001.1b]
[images.squarespace-cdn.com/content/v1/5960376d46c3c4413a513e7c/1515536443185-GMFFCUVDK2WEFQZKIP0I/ke17ZwdGBToddI8pDm48kFMnOBGQqjNtIq3dZ6hkMapZw-z/website_exhibit-walk-thru-page-photos_Dawn_medium.1ca.de]
[static1.squarespace.com/static/5960376d46c3c4413a513e7c/t/5b08b8b21ae6cf75054b6714/1611603209442/O'Rourke-and-Orr-Interview-Compressed-112.mp3/original/O'Rourke-and-Orr-Interview-Compressed-112.203.dela]
[static1.squarespace.com/static/5960376d46c3c4413a513e7c/t/5aa55e7c0d92979ac96c19fd/1611603209453/Reinhardt-Interview-(Contains-Indecencies)-Comp/original/Reinhardt-Interview-(Contains-Indecencies)-Compr]
[static1.squarespace.com/static/5960376d46c3c4413a513e7c/t/5a559b0ec8302598d18dece4/1611603094023/20_+Interlude+Archival+Audio+1988-1998.mp3/original/20_+Interlude+Archival+Audio+1988-1998.mp3]
[static1.squarespace.com/static/5960376d46c3c4413a513e7c/t/5aa5647953450a41563c06e5/1611603209476/Stoppiello-V-Interview-(Contains-Indecencies)-C/original/Stoppiello-V-Interview-(Contains-Indecencies)-Co]
[images.squarespace-cdn.com/content/v1/5960376d46c3c4413a513e7c/1522794602512-2X9JCNRG2RRNC08OWM5E/ke17ZwdGBToddI8pDm48kDHPSfPanjkWqhH6pl6g5ph7gQa/Bob-Bailey3.jpg]
[static1.squarespace.com/static/5960376d46c3c4413a513e7c/t/5acefa068a922debacfbc827/1611603209531/Hill-Jackson-Ford-and-Welch-(Black-Book-Talk)-I/original/Hill-Jackson-Ford-and-Welch-(Black-Book-Talk)-In]
[static1.squarespace.com/universal/images-v6/icons/block-indicator-dark.png]
[static1.squarespace.com/universal/images-v6/icons/block-indicator-dark@2x.png]
[static1.squarespace.com/universal/images-v6/icons/block-indicator-dark.png]
[static1.squarespace.com/universal/images-v6/icons/block-indicator-dark@2x.png]
[static1.squarespace.com/universal/images-v6/icons/opentable-icons.svg]
[static1.squarespace.com/universal/images-v6/icons/opentable-icons.png]
[static1.squarespace.com/universal/images-v6/icons/icon-searchqueries-20-dark.png]
[static1.squarespace.com/universal/images-v6/icons/icon-searchqueries-20-light.png]
[static1.squarespace.com/universal/images-v6/icons/opentable-icons.png]
[static1.squarespace.com/universal/images-v6/icons/icon-searchqueries-20-dark.png]
[static1.squarespace.com/universal/images-v6/icons/icon-searchqueries-20-light.png]
[static1.squarespace.com/universal/images-v6/damask/image-inside-64-dark.png]
[static1.squarespace.com/universal/images-v6/damask/image-inside-128-dark.png]
[static1.squarespace.com/universal/images-v6/damask/image-inside-64-dark.png]
[static1.squarespace.com/universal/images-v6/damask/image-inside-128-dark.png]
[static1.squarespace.com/static/sitecss/5960376d46c3c4413a513e7c/306/55f0aac0e4b0f0a5b7e0b22e/5960376d46c3c4413a513e82/341-05142015/1521139365042/site8696.css]
[static1.squarespace.com/static/5960376d46c3c4413a513e7c/t/5a594f29ec212dd506632186/1515802409717/bundle.css_; filename_=UTF-8''bundle.css]
[kbooradio.squarespace.com/assets/ui-icons.svg]
[www.50yearsofkboo.fm/assets/ui-icons.svg]
[kbooradio.squarespace.com/events/open-house-honoring-kboo-native-programmers-staff-and-volunteers.html]
[kbooradio.squarespace.com/events/test-3.html]
[kbooradio.squarespace.com/events/open-house-honoring-kboo-women-programmers-staff-and-volunteers.html]
[kbooradio.squarespace.com/events/test-2.html]
[kbooradio.squarespace.com/events/open-house-honoring-kboo-founders.html]
[kbooradio.squarespace.com/events/kboo-pickin-ppreciation-party-a-bluegrass-breakfast-fundraiser-featuring-music-from-the-true-vine.html]
[kbooradio.squarespace.com/events/black-kboo.html]
[kbooradio.squarespace.com/events/kboo-open-house-1.html]
[kbooradio.squarespace.com/events/test-1.html]
[live.kboo.fm_8000/boo2.mp3]
[kbooradio.squarespace.com/tour-collection/station-1.html]
[www.50yearsofkboo.fm/events/latinx-pea-amp-open-house-kboo-50th-anniversary.html]
[www.50yearsofkboo.fm/events/open-house-honoring-kboo-native-programmers-staff-and-volunteers.html]
[www.50yearsofkboo.fm/events/test-3.html]
[www.50yearsofkboo.fm/events/open-house-honoring-kboo-women-programmers-staff-and-volunteers.html]
[www.50yearsofkboo.fm/events/test-2.html]
[www.50yearsofkboo.fm/events/open-house-honoring-kboo-founders.html]
[www.50yearsofkboo.fm/events/kboo-pickin-ppreciation-party-a-bluegrass-breakfast-fundraiser-featuring-music-from-the-true-vine.html]
[www.50yearsofkboo.fm/events/black-kboo.html]
[www.50yearsofkboo.fm/events/kboo-open-house-1.html]
[www.50yearsofkboo.fm/events/test-1.html]
[www.50yearsofkboo.fm/staff.html]
[kbooradio.squarespace.com/tour-collectionbc08.html]
[kbooradio.squarespace.com/universal/svg/social-accounts.svg]
[kbooradio.squarespace.com/tour-collection56a2.html]
[www.50yearsofkboo.fm/tour-collectionbc08.html]
[www.50yearsofkboo.fm/universal/svg/social-accounts.svg]
[static1.squarespace.com/universal/images-v6/icons/opentable-icons.svg]
[use.typekit.net/ik/PcQyLDVdKBW7uOTtdaPQIFhKXjjLgNiOSCBCsbM3vpbfe0IffFHN4UJLFRbh52jhWD9oFRMDFDZqF2ZRwhwXF2IDjQ9Uwh9ajU72MPG0-h4zda4yZe8zO1FUiABkZWF3jAF8OcFzdP3uwY88jW4DdhZnjcNzOcZlOelKdhNkjAsTdkoDSWmyScm]
[assets.squarespace.com/universal/scripts-compressed/cldr-resource-pack-d2b6094e965c882c2de89-min.en-US.js]
[assets.squarespace.com/universal/scripts-compressed/common-vendors-53ef835317fe34505c9f0-min.en-US.js]
[assets.squarespace.com/universal/scripts-compressed/common-0fbd3adf0f5b02a423bb0-min.en-US.js]
[assets.squarespace.com/universal/scripts-compressed/performance-e8f0bc9aa26cee507ecf9-min.en-US.js]
[maxcdn.bootstrapcdn.com/font-awesome/4.7.0/css/font-awesome.min.css]
[assets.squarespace.com/universal/scripts-compressed/common-vendors-38ee41c515fde4d621488-min.en-US.js]
[assets.squarespace.com/universal/scripts-compressed/common-f0ab9128300bd7ee68fca-min.en-US.js]
[assets.squarespace.com/universal/scripts-compressed/common-vendors-c1d237780bc443a59605e-min.en-US.js]
[assets.squarespace.com/universal/images-v6/damask/error-dark.png]
[assets.squarespace.com/universal/images-v6/damask/error-dark@2x.png]
[assets.squarespace.com/universal/images-v6/damask/play-button.png]
[assets.squarespace.com/universal/images-v6/damask/play-button@2x.png]
[assets.squarespace.com/universal/images-v6/damask/gallery-play-big.png]
[assets.squarespace.com/universal/images-v6/damask/gallery-play-big@2x.png]
[assets.squarespace.com/universal/images-v6/damask/edit-aviary-light.png]
[assets.squarespace.com/universal/images-v6/damask/edit-aviary-light@2x.png]
[assets.squarespace.com/universal/images-v6/damask/edit-info-light.png]
[assets.squarespace.com/universal/images-v6/damask/edit-info-light@2x.png]
[assets.squarespace.com/universal/images-v6/damask/trash-9-light.png]
[assets.squarespace.com/universal/images-v6/damask/trash-9-light@2x.png]
[assets.squarespace.com/universal/images-v6/damask/trash-9-red.png]
[assets.squarespace.com/universal/images-v6/damask/trash-9-red@2x.png]
[assets.squarespace.com/universal/images-v6/damask/getty-16-light.png]
[assets.squarespace.com/universal/images-v6/damask/getty-32-light.png]
[assets.squarespace.com/universal/images-v6/damask/shopping-cart-16-light.png]
[assets.squarespace.com/universal/images-v6/damask/shopping-cart-32-light.png]
[assets.squarespace.com/universal/fonts/squarespace-ui-font.svg]
[assets.squarespace.com/universal/images-v6/icons/icon-video-24-light-solid.png]
[assets.squarespace.com/universal/images-v6/standard/icon_close_7_light.png]
[assets.squarespace.com/universal/images-v6/icons/icon-settings-16-light.png]
[assets.squarespace.com/universal/fonts/social-20141119/social-icon-font.svg]
[assets.squarespace.com/universal/scripts-compressed/cldr-resource-pack-2b5953450b7914d9c6ade-min.en-US.js]
[assets.squarespace.com/universal/scripts-compressed/common-vendors-3dafc8573d639f54310dd-min.en-US.js]
